TpTrace Verbose: 0 : 6772, 1, 2024/03/06, 17:43:01.247, 482224602687, vstest.console.dll, Version: 17.9.0-release-23627-01 Current process architecture: X64
TpTrace Verbose: 0 : 6772, 1, 2024/03/06, 17:43:01.250, 482224635452, vstest.console.dll, Runtime location: C:\Program Files\dotnet\shared\Microsoft.NETCore.App\8.0.2
TpTrace Verbose: 0 : 6772, 1, 2024/03/06, 17:43:01.255, 482224684529, vstest.console.dll, ArtifactProcessingPostProcessModeProcessorExecutor.Initialize: ArtifactProcessingMode.Collect
TpTrace Verbose: 0 : 6772, 1, 2024/03/06, 17:43:01.255, 482224685888, vstest.console.dll, TestSessionCorrelationIdProcessorModeProcessorExecutor.Initialize: TestSessionCorrelationId '3224_5fe15d17-2038-4cf5-bf51-ab55922cd463'
TpTrace Information: 0 : 6772, 1, 2024/03/06, 17:43:01.263, 482224764840, vstest.console.dll, FilePatternParser: The given file C:\testing\SetupTest\SetupTest\bin\Debug\net8.0\fine-code-coverage\build-output\TestingPractice.dll is a full path.
TpTrace Verbose: 0 : 6772, 1, 2024/03/06, 17:43:01.272, 482224848381, vstest.console.dll, TestPluginCache.DiscoverTestExtensions: finding test extensions in assemblies ends with: RuntimeProvider.dll TPluginInfo: Microsoft.VisualStudio.TestPlatform.Common.ExtensionFramework.Utilities.TestRuntimePluginInformation TExtension: Microsoft.VisualStudio.TestPlatform.ObjectModel.Host.ITestRuntimeProvider
TpTrace Verbose: 0 : 6772, 1, 2024/03/06, 17:43:01.272, 482224851232, vstest.console.dll, TestPluginCache.GetExtensionPaths: Filtered extension paths: 
TpTrace Verbose: 0 : 6772, 1, 2024/03/06, 17:43:01.272, 482224851988, vstest.console.dll, TestPluginCache.GetExtensionPaths: Added default extension paths: C:\Program Files\dotnet\sdk\8.0.200\Extensions\Microsoft.Diagnostics.NETCore.Client.dll
C:\Program Files\dotnet\sdk\8.0.200\Extensions\Microsoft.TestPlatform.Extensions.BlameDataCollector.dll
C:\Program Files\dotnet\sdk\8.0.200\Extensions\Microsoft.TestPlatform.Extensions.EventLogCollector.dll
C:\Program Files\dotnet\sdk\8.0.200\Extensions\Microsoft.TestPlatform.TestHostRuntimeProvider.dll
C:\Program Files\dotnet\sdk\8.0.200\Extensions\Microsoft.VisualStudio.TestPlatform.Extensions.Html.TestLogger.dll
C:\Program Files\dotnet\sdk\8.0.200\Extensions\Microsoft.VisualStudio.TestPlatform.Extensions.Trx.TestLogger.dll
TpTrace Verbose: 0 : 6772, 1, 2024/03/06, 17:43:01.272, 482224852271, vstest.console.dll, TestPluginCache.GetExtensionPaths: Added unfilterableExtensionPaths: 
TpTrace Information: 0 : 6772, 1, 2024/03/06, 17:43:01.273, 482224858701, vstest.console.dll, AssemblyResolver.ctor: Creating AssemblyResolver with searchDirectories C:\Program Files\dotnet\sdk\8.0.200\Extensions,C:\Program Files\dotnet\sdk\8.0.200
TpTrace Verbose: 0 : 6772, 1, 2024/03/06, 17:43:01.274, 482224867869, vstest.console.dll, TestPluginCache.DiscoverTestExtensions: Discovering the extensions using extension path.
TpTrace Verbose: 0 : 6772, 1, 2024/03/06, 17:43:01.274, 482224868765, vstest.console.dll, TestPluginCache.GetExtensionPaths: Filtered extension paths: 
TpTrace Verbose: 0 : 6772, 1, 2024/03/06, 17:43:01.274, 482224869161, vstest.console.dll, TestPluginCache.GetExtensionPaths: Added default extension paths: C:\Program Files\dotnet\sdk\8.0.200\Extensions\Microsoft.Diagnostics.NETCore.Client.dll
C:\Program Files\dotnet\sdk\8.0.200\Extensions\Microsoft.TestPlatform.Extensions.BlameDataCollector.dll
C:\Program Files\dotnet\sdk\8.0.200\Extensions\Microsoft.TestPlatform.Extensions.EventLogCollector.dll
C:\Program Files\dotnet\sdk\8.0.200\Extensions\Microsoft.TestPlatform.TestHostRuntimeProvider.dll
C:\Program Files\dotnet\sdk\8.0.200\Extensions\Microsoft.VisualStudio.TestPlatform.Extensions.Html.TestLogger.dll
C:\Program Files\dotnet\sdk\8.0.200\Extensions\Microsoft.VisualStudio.TestPlatform.Extensions.Trx.TestLogger.dll
TpTrace Verbose: 0 : 6772, 1, 2024/03/06, 17:43:01.274, 482224869509, vstest.console.dll, TestPluginCache.GetExtensionPaths: Added unfilterableExtensionPaths: 
TpTrace Verbose: 0 : 6772, 1, 2024/03/06, 17:43:01.274, 482224869949, vstest.console.dll, TestPluginCache.DiscoverTestExtensions: Discovering the extensions using allExtensionPaths: C:\Program Files\dotnet\sdk\8.0.200\Extensions\Microsoft.Diagnostics.NETCore.Client.dll
C:\Program Files\dotnet\sdk\8.0.200\Extensions\Microsoft.TestPlatform.Extensions.BlameDataCollector.dll
C:\Program Files\dotnet\sdk\8.0.200\Extensions\Microsoft.TestPlatform.Extensions.EventLogCollector.dll
C:\Program Files\dotnet\sdk\8.0.200\Extensions\Microsoft.TestPlatform.TestHostRuntimeProvider.dll
C:\Program Files\dotnet\sdk\8.0.200\Extensions\Microsoft.VisualStudio.TestPlatform.Extensions.Html.TestLogger.dll
C:\Program Files\dotnet\sdk\8.0.200\Extensions\Microsoft.VisualStudio.TestPlatform.Extensions.Trx.TestLogger.dll
TpTrace Information: 0 : 6772, 1, 2024/03/06, 17:43:01.274, 482224871050, vstest.console.dll, AssemblyResolver.AddSearchDirectories: Adding more searchDirectories C:\Program Files\dotnet\sdk\8.0.200\Extensions,C:\Program Files\dotnet\sdk\8.0.200
TpTrace Information: 0 : 6772, 1, 2024/03/06, 17:43:01.274, 482224871484, vstest.console.dll, AssemblyResolver.AddSearchDirectories: Adding more searchDirectories C:\Program Files\dotnet\sdk\8.0.200\Extensions,C:\Program Files\dotnet\sdk\8.0.200
TpTrace Information: 0 : 6772, 1, 2024/03/06, 17:43:01.274, 482224871772, vstest.console.dll, AssemblyResolver.AddSearchDirectories: Adding more searchDirectories C:\Program Files\dotnet\sdk\8.0.200\Extensions,C:\Program Files\dotnet\sdk\8.0.200
TpTrace Information: 0 : 6772, 1, 2024/03/06, 17:43:01.274, 482224872005, vstest.console.dll, AssemblyResolver.AddSearchDirectories: Adding more searchDirectories C:\Program Files\dotnet\sdk\8.0.200\Extensions,C:\Program Files\dotnet\sdk\8.0.200
TpTrace Information: 0 : 6772, 1, 2024/03/06, 17:43:01.274, 482224872226, vstest.console.dll, AssemblyResolver.AddSearchDirectories: Adding more searchDirectories C:\Program Files\dotnet\sdk\8.0.200\Extensions,C:\Program Files\dotnet\sdk\8.0.200
TpTrace Information: 0 : 6772, 1, 2024/03/06, 17:43:01.274, 482224872444, vstest.console.dll, AssemblyResolver.AddSearchDirectories: Adding more searchDirectories C:\Program Files\dotnet\sdk\8.0.200\Extensions,C:\Program Files\dotnet\sdk\8.0.200
TpTrace Information: 0 : 6772, 1, 2024/03/06, 17:43:01.275, 482224877384, vstest.console.dll, AssemblyResolver.OnResolve: Microsoft.Diagnostics.NETCore.Client: Resolving assembly.
TpTrace Information: 0 : 6772, 1, 2024/03/06, 17:43:01.275, 482224878484, vstest.console.dll, AssemblyResolver.OnResolve: Microsoft.Diagnostics.NETCore.Client: Searching in: 'C:\Program Files\dotnet\sdk\8.0.200\Extensions'.
TpTrace Information: 0 : 6772, 1, 2024/03/06, 17:43:01.281, 482224937809, vstest.console.dll, AssemblyResolver.OnResolve: Microsoft.Diagnostics.NETCore.Client: Loading assembly 'C:\Program Files\dotnet\sdk\8.0.200\Extensions\Microsoft.Diagnostics.NETCore.Client.dll'.
TpTrace Information: 0 : 6772, 1, 2024/03/06, 17:43:01.282, 482224951175, vstest.console.dll, AssemblyResolver.OnResolve: Resolved assembly: Microsoft.Diagnostics.NETCore.Client, from path: C:\Program Files\dotnet\sdk\8.0.200\Extensions\Microsoft.Diagnostics.NETCore.Client.dll
TpTrace Verbose: 0 : 6772, 1, 2024/03/06, 17:43:01.286, 482224991841, vstest.console.dll, MetadataReaderExtensionsHelper: Discovering extensions inside assembly 'Microsoft.Diagnostics.NETCore.Client, Version=0.2.9.2401, Culture=neutral, PublicKeyToken=31bf3856ad364e35' file path 'C:\Program Files\dotnet\sdk\8.0.200\Extensions\Microsoft.Diagnostics.NETCore.Client.dll'
TpTrace Information: 0 : 6772, 1, 2024/03/06, 17:43:01.290, 482225029008, vstest.console.dll, AssemblyResolver.OnResolve: Microsoft.Bcl.AsyncInterfaces: Resolving assembly.
TpTrace Information: 0 : 6772, 1, 2024/03/06, 17:43:01.290, 482225030279, vstest.console.dll, AssemblyResolver.OnResolve: Microsoft.Bcl.AsyncInterfaces: Searching in: 'C:\Program Files\dotnet\sdk\8.0.200\Extensions'.
TpTrace Information: 0 : 6772, 1, 2024/03/06, 17:43:01.290, 482225031019, vstest.console.dll, AssemblyResolver.OnResolve: Microsoft.Bcl.AsyncInterfaces: Assembly path does not exist: 'C:\Program Files\dotnet\sdk\8.0.200\Extensions\Microsoft.Bcl.AsyncInterfaces.dll', returning.
TpTrace Information: 0 : 6772, 1, 2024/03/06, 17:43:01.290, 482225031927, vstest.console.dll, AssemblyResolver.OnResolve: Microsoft.Bcl.AsyncInterfaces: Assembly path does not exist: 'C:\Program Files\dotnet\sdk\8.0.200\Extensions\Microsoft.Bcl.AsyncInterfaces.exe', returning.
TpTrace Information: 0 : 6772, 1, 2024/03/06, 17:43:01.290, 482225032263, vstest.console.dll, AssemblyResolver.OnResolve: Microsoft.Bcl.AsyncInterfaces: Searching in: 'C:\Program Files\dotnet\sdk\8.0.200'.
TpTrace Information: 0 : 6772, 1, 2024/03/06, 17:43:01.290, 482225032743, vstest.console.dll, AssemblyResolver.OnResolve: Microsoft.Bcl.AsyncInterfaces: Assembly path does not exist: 'C:\Program Files\dotnet\sdk\8.0.200\Microsoft.Bcl.AsyncInterfaces.dll', returning.
TpTrace Information: 0 : 6772, 1, 2024/03/06, 17:43:01.290, 482225033215, vstest.console.dll, AssemblyResolver.OnResolve: Microsoft.Bcl.AsyncInterfaces: Assembly path does not exist: 'C:\Program Files\dotnet\sdk\8.0.200\Microsoft.Bcl.AsyncInterfaces.exe', returning.
TpTrace Information: 0 : 6772, 1, 2024/03/06, 17:43:01.290, 482225033464, vstest.console.dll, AssemblyResolver.OnResolve: Microsoft.Bcl.AsyncInterfaces: Failed to load assembly.
TpTrace Verbose: 0 : 6772, 1, 2024/03/06, 17:43:01.290, 482225033736, vstest.console.dll, CurrentDomainAssemblyResolve: Resolving assembly 'Microsoft.Bcl.AsyncInterfaces'.
TpTrace Information: 0 : 6772, 1, 2024/03/06, 17:43:01.290, 482225034276, vstest.console.dll, AssemblyResolver.OnResolve: Microsoft.Bcl.AsyncInterfaces: Resolving assembly.
TpTrace Information: 0 : 6772, 1, 2024/03/06, 17:43:01.290, 482225034678, vstest.console.dll, AssemblyResolver.OnResolve: Microsoft.Bcl.AsyncInterfaces: Resolved from cache.
TpTrace Verbose: 0 : 6772, 1, 2024/03/06, 17:43:01.290, 482225034910, vstest.console.dll, CurrentDomainAssemblyResolve: Resolving assembly 'Microsoft.Bcl.AsyncInterfaces'.
TpTrace Verbose: 0 : 6772, 1, 2024/03/06, 17:43:01.290, 482225035152, vstest.console.dll, CurrentDomainAssemblyResolve: Failed to resolve assembly 'Microsoft.Bcl.AsyncInterfaces'.
TpTrace Verbose: 0 : 6772, 1, 2024/03/06, 17:43:01.295, 482225079082, vstest.console.dll, CurrentDomainAssemblyResolve: Failed to resolve assembly 'Microsoft.Bcl.AsyncInterfaces'.
TpTrace Warning: 0 : 6772, 1, 2024/03/06, 17:43:01.313, 482225258159, vstest.console.dll, TestPluginDiscoverer: Failed to get types from assembly 'Microsoft.Diagnostics.NETCore.Client, Version=0.2.9.2401, Culture=neutral, PublicKeyToken=31bf3856ad364e35'. Error: System.Reflection.ReflectionTypeLoadException: Unable to load one or more of the requested types.
Could not load file or assembly 'Microsoft.Bcl.AsyncInterfaces, Version=6.0.0.0, Culture=neutral, PublicKeyToken=cc7b13ffcd2ddd51'. The system cannot find the file specified.
   at System.Reflection.RuntimeModule.GetTypes(RuntimeModule module)
   at System.Reflection.RuntimeModule.GetTypes()
   at Microsoft.VisualStudio.TestPlatform.Common.ExtensionFramework.TestPluginDiscoverer.GetTestExtensionsFromAssembly[TPluginInfo,TExtension](Assembly assembly, Dictionary`2 pluginInfos, String filePath) in /_/src/Microsoft.TestPlatform.Common/ExtensionFramework/TestPluginDiscoverer.cs:line 158
System.IO.FileNotFoundException: Could not load file or assembly 'Microsoft.Bcl.AsyncInterfaces, Version=6.0.0.0, Culture=neutral, PublicKeyToken=cc7b13ffcd2ddd51'. The system cannot find the file specified.
File name: 'Microsoft.Bcl.AsyncInterfaces, Version=6.0.0.0, Culture=neutral, PublicKeyToken=cc7b13ffcd2ddd51'
 ---> System.IO.FileNotFoundException: Could not load file or assembly 'Microsoft.Bcl.AsyncInterfaces, Culture=neutral, PublicKeyToken=null'. The system cannot find the file specified.
File name: 'Microsoft.Bcl.AsyncInterfaces, Culture=neutral, PublicKeyToken=null'
   at System.Reflection.RuntimeAssembly.InternalLoad(AssemblyName assemblyName, StackCrawlMark& stackMark, AssemblyLoadContext assemblyLoadContext, RuntimeAssembly requestingAssembly, Boolean throwOnFileNotFound)
   at System.Reflection.Assembly.Load(AssemblyName assemblyRef)
   at Microsoft.VisualStudio.TestPlatform.Common.ExtensionFramework.TestPluginCache.CurrentDomainAssemblyResolve(Object sender, AssemblyResolveEventArgs args) in /_/src/Microsoft.TestPlatform.Common/ExtensionFramework/TestPluginCache.cs:line 513
   at System.Runtime.Loader.AssemblyLoadContext.GetFirstResolvedAssemblyFromResolvingEvent(AssemblyName assemblyName)
   at System.Runtime.Loader.AssemblyLoadContext.ResolveUsingEvent(AssemblyName assemblyName)
   at System.Runtime.Loader.AssemblyLoadContext.ResolveUsingResolvingEvent(IntPtr gchManagedAssemblyLoadContext, AssemblyName assemblyName)
TpTrace Warning: 0 : 6772, 1, 2024/03/06, 17:43:01.313, 482225261559, vstest.console.dll, LoaderExceptions: System.IO.FileNotFoundException: Could not load file or assembly 'Microsoft.Bcl.AsyncInterfaces, Version=6.0.0.0, Culture=neutral, PublicKeyToken=cc7b13ffcd2ddd51'. The system cannot find the file specified.
File name: 'Microsoft.Bcl.AsyncInterfaces, Version=6.0.0.0, Culture=neutral, PublicKeyToken=cc7b13ffcd2ddd51'
 ---> System.IO.FileNotFoundException: Could not load file or assembly 'Microsoft.Bcl.AsyncInterfaces, Culture=neutral, PublicKeyToken=null'. The system cannot find the file specified.
File name: 'Microsoft.Bcl.AsyncInterfaces, Culture=neutral, PublicKeyToken=null'
   at System.Reflection.RuntimeAssembly.InternalLoad(AssemblyName assemblyName, StackCrawlMark& stackMark, AssemblyLoadContext assemblyLoadContext, RuntimeAssembly requestingAssembly, Boolean throwOnFileNotFound)
   at System.Reflection.Assembly.Load(AssemblyName assemblyRef)
   at Microsoft.VisualStudio.TestPlatform.Common.ExtensionFramework.TestPluginCache.CurrentDomainAssemblyResolve(Object sender, AssemblyResolveEventArgs args) in /_/src/Microsoft.TestPlatform.Common/ExtensionFramework/TestPluginCache.cs:line 513
   at System.Runtime.Loader.AssemblyLoadContext.GetFirstResolvedAssemblyFromResolvingEvent(AssemblyName assemblyName)
   at System.Runtime.Loader.AssemblyLoadContext.ResolveUsingEvent(AssemblyName assemblyName)
   at System.Runtime.Loader.AssemblyLoadContext.ResolveUsingResolvingEvent(IntPtr gchManagedAssemblyLoadContext, AssemblyName assemblyName)
TpTrace Information: 0 : 6772, 1, 2024/03/06, 17:43:01.313, 482225262722, vstest.console.dll, AssemblyResolver.OnResolve: Microsoft.TestPlatform.Extensions.BlameDataCollector: Resolving assembly.
TpTrace Information: 0 : 6772, 1, 2024/03/06, 17:43:01.313, 482225263152, vstest.console.dll, AssemblyResolver.OnResolve: Microsoft.TestPlatform.Extensions.BlameDataCollector: Searching in: 'C:\Program Files\dotnet\sdk\8.0.200\Extensions'.
TpTrace Information: 0 : 6772, 1, 2024/03/06, 17:43:01.314, 482225272111, vstest.console.dll, AssemblyResolver.OnResolve: Microsoft.TestPlatform.Extensions.BlameDataCollector: Loading assembly 'C:\Program Files\dotnet\sdk\8.0.200\Extensions\Microsoft.TestPlatform.Extensions.BlameDataCollector.dll'.
TpTrace Information: 0 : 6772, 1, 2024/03/06, 17:43:01.315, 482225282208, vstest.console.dll, AssemblyResolver.OnResolve: Resolved assembly: Microsoft.TestPlatform.Extensions.BlameDataCollector, from path: C:\Program Files\dotnet\sdk\8.0.200\Extensions\Microsoft.TestPlatform.Extensions.BlameDataCollector.dll
TpTrace Verbose: 0 : 6772, 1, 2024/03/06, 17:43:01.315, 482225283032, vstest.console.dll, MetadataReaderExtensionsHelper: Discovering extensions inside assembly 'Microsoft.TestPlatform.Extensions.BlameDataCollector, Version=15.0.0.0, Culture=neutral, PublicKeyToken=b03f5f7f11d50a3a' file path 'C:\Program Files\dotnet\sdk\8.0.200\Extensions\Microsoft.TestPlatform.Extensions.BlameDataCollector.dll'
TpTrace Information: 0 : 6772, 1, 2024/03/06, 17:43:01.317, 482225305617, vstest.console.dll, AssemblyResolver.OnResolve: Microsoft.TestPlatform.Extensions.EventLogCollector: Resolving assembly.
TpTrace Information: 0 : 6772, 1, 2024/03/06, 17:43:01.318, 482225306702, vstest.console.dll, AssemblyResolver.OnResolve: Microsoft.TestPlatform.Extensions.EventLogCollector: Searching in: 'C:\Program Files\dotnet\sdk\8.0.200\Extensions'.
TpTrace Information: 0 : 6772, 1, 2024/03/06, 17:43:01.318, 482225315060, vstest.console.dll, AssemblyResolver.OnResolve: Microsoft.TestPlatform.Extensions.EventLogCollector: Loading assembly 'C:\Program Files\dotnet\sdk\8.0.200\Extensions\Microsoft.TestPlatform.Extensions.EventLogCollector.dll'.
TpTrace Information: 0 : 6772, 1, 2024/03/06, 17:43:01.319, 482225320153, vstest.console.dll, AssemblyResolver.OnResolve: Resolved assembly: Microsoft.TestPlatform.Extensions.EventLogCollector, from path: C:\Program Files\dotnet\sdk\8.0.200\Extensions\Microsoft.TestPlatform.Extensions.EventLogCollector.dll
TpTrace Verbose: 0 : 6772, 1, 2024/03/06, 17:43:01.319, 482225320794, vstest.console.dll, MetadataReaderExtensionsHelper: Discovering extensions inside assembly 'Microsoft.TestPlatform.Extensions.EventLogCollector, Version=15.0.0.0, Culture=neutral, PublicKeyToken=b03f5f7f11d50a3a' file path 'C:\Program Files\dotnet\sdk\8.0.200\Extensions\Microsoft.TestPlatform.Extensions.EventLogCollector.dll'
TpTrace Information: 0 : 6772, 1, 2024/03/06, 17:43:01.322, 482225347375, vstest.console.dll, AssemblyResolver.OnResolve: Microsoft.TestPlatform.TestHostRuntimeProvider: Resolving assembly.
TpTrace Information: 0 : 6772, 1, 2024/03/06, 17:43:01.322, 482225348158, vstest.console.dll, AssemblyResolver.OnResolve: Microsoft.TestPlatform.TestHostRuntimeProvider: Searching in: 'C:\Program Files\dotnet\sdk\8.0.200\Extensions'.
TpTrace Information: 0 : 6772, 1, 2024/03/06, 17:43:01.322, 482225353916, vstest.console.dll, AssemblyResolver.OnResolve: Microsoft.TestPlatform.TestHostRuntimeProvider: Loading assembly 'C:\Program Files\dotnet\sdk\8.0.200\Extensions\Microsoft.TestPlatform.TestHostRuntimeProvider.dll'.
TpTrace Information: 0 : 6772, 1, 2024/03/06, 17:43:01.323, 482225362248, vstest.console.dll, AssemblyResolver.OnResolve: Resolved assembly: Microsoft.TestPlatform.TestHostRuntimeProvider, from path: C:\Program Files\dotnet\sdk\8.0.200\Extensions\Microsoft.TestPlatform.TestHostRuntimeProvider.dll
TpTrace Verbose: 0 : 6772, 1, 2024/03/06, 17:43:01.323, 482225362946, vstest.console.dll, MetadataReaderExtensionsHelper: Discovering extensions inside assembly 'Microsoft.TestPlatform.TestHostRuntimeProvider, Version=15.0.0.0, Culture=neutral, PublicKeyToken=b03f5f7f11d50a3a' file path 'C:\Program Files\dotnet\sdk\8.0.200\Extensions\Microsoft.TestPlatform.TestHostRuntimeProvider.dll'
TpTrace Information: 0 : 6772, 1, 2024/03/06, 17:43:01.325, 482225382819, vstest.console.dll, GetTestExtensionFromType: Register extension with identifier data 'HostProvider://DefaultTestHost' and type 'Microsoft.VisualStudio.TestPlatform.CrossPlatEngine.Hosting.DefaultTestHostManager, Microsoft.TestPlatform.TestHostRuntimeProvider, Version=15.0.0.0, Culture=neutral, PublicKeyToken=b03f5f7f11d50a3a' inside file 'C:\Program Files\dotnet\sdk\8.0.200\Extensions\Microsoft.TestPlatform.TestHostRuntimeProvider.dll'
TpTrace Information: 0 : 6772, 1, 2024/03/06, 17:43:01.325, 482225385394, vstest.console.dll, GetTestExtensionFromType: Register extension with identifier data 'HostProvider://DotnetTestHost' and type 'Microsoft.VisualStudio.TestPlatform.CrossPlatEngine.Hosting.DotnetTestHostManager, Microsoft.TestPlatform.TestHostRuntimeProvider, Version=15.0.0.0, Culture=neutral, PublicKeyToken=b03f5f7f11d50a3a' inside file 'C:\Program Files\dotnet\sdk\8.0.200\Extensions\Microsoft.TestPlatform.TestHostRuntimeProvider.dll'
TpTrace Information: 0 : 6772, 1, 2024/03/06, 17:43:01.325, 482225386076, vstest.console.dll, AssemblyResolver.OnResolve: Microsoft.VisualStudio.TestPlatform.Extensions.Html.TestLogger: Resolving assembly.
TpTrace Information: 0 : 6772, 1, 2024/03/06, 17:43:01.326, 482225386504, vstest.console.dll, AssemblyResolver.OnResolve: Microsoft.VisualStudio.TestPlatform.Extensions.Html.TestLogger: Searching in: 'C:\Program Files\dotnet\sdk\8.0.200\Extensions'.
TpTrace Information: 0 : 6772, 1, 2024/03/06, 17:43:01.326, 482225394572, vstest.console.dll, AssemblyResolver.OnResolve: Microsoft.VisualStudio.TestPlatform.Extensions.Html.TestLogger: Loading assembly 'C:\Program Files\dotnet\sdk\8.0.200\Extensions\Microsoft.VisualStudio.TestPlatform.Extensions.Html.TestLogger.dll'.
TpTrace Information: 0 : 6772, 1, 2024/03/06, 17:43:01.327, 482225401087, vstest.console.dll, AssemblyResolver.OnResolve: Resolved assembly: Microsoft.VisualStudio.TestPlatform.Extensions.Html.TestLogger, from path: C:\Program Files\dotnet\sdk\8.0.200\Extensions\Microsoft.VisualStudio.TestPlatform.Extensions.Html.TestLogger.dll
TpTrace Verbose: 0 : 6772, 1, 2024/03/06, 17:43:01.327, 482225401830, vstest.console.dll, MetadataReaderExtensionsHelper: Discovering extensions inside assembly 'Microsoft.VisualStudio.TestPlatform.Extensions.Html.TestLogger, Version=15.0.0.0, Culture=neutral, PublicKeyToken=b03f5f7f11d50a3a' file path 'C:\Program Files\dotnet\sdk\8.0.200\Extensions\Microsoft.VisualStudio.TestPlatform.Extensions.Html.TestLogger.dll'
TpTrace Information: 0 : 6772, 1, 2024/03/06, 17:43:01.328, 482225412643, vstest.console.dll, AssemblyResolver.OnResolve: Microsoft.VisualStudio.TestPlatform.Extensions.Trx.TestLogger: Resolving assembly.
TpTrace Information: 0 : 6772, 1, 2024/03/06, 17:43:01.328, 482225413452, vstest.console.dll, AssemblyResolver.OnResolve: Microsoft.VisualStudio.TestPlatform.Extensions.Trx.TestLogger: Searching in: 'C:\Program Files\dotnet\sdk\8.0.200\Extensions'.
TpTrace Information: 0 : 6772, 1, 2024/03/06, 17:43:01.329, 482225423264, vstest.console.dll, AssemblyResolver.OnResolve: Microsoft.VisualStudio.TestPlatform.Extensions.Trx.TestLogger: Loading assembly 'C:\Program Files\dotnet\sdk\8.0.200\Extensions\Microsoft.VisualStudio.TestPlatform.Extensions.Trx.TestLogger.dll'.
TpTrace Information: 0 : 6772, 1, 2024/03/06, 17:43:01.330, 482225434426, vstest.console.dll, AssemblyResolver.OnResolve: Resolved assembly: Microsoft.VisualStudio.TestPlatform.Extensions.Trx.TestLogger, from path: C:\Program Files\dotnet\sdk\8.0.200\Extensions\Microsoft.VisualStudio.TestPlatform.Extensions.Trx.TestLogger.dll
TpTrace Verbose: 0 : 6772, 1, 2024/03/06, 17:43:01.330, 482225434992, vstest.console.dll, MetadataReaderExtensionsHelper: Discovering extensions inside assembly 'Microsoft.VisualStudio.TestPlatform.Extensions.Trx.TestLogger, Version=15.0.0.0, Culture=neutral, PublicKeyToken=b03f5f7f11d50a3a' file path 'C:\Program Files\dotnet\sdk\8.0.200\Extensions\Microsoft.VisualStudio.TestPlatform.Extensions.Trx.TestLogger.dll'
TpTrace Verbose: 0 : 6772, 1, 2024/03/06, 17:43:01.332, 482225449377, vstest.console.dll, TestPluginCache: Discovered the extensions using extension path ''.
TpTrace Verbose: 0 : 6772, 1, 2024/03/06, 17:43:01.332, 482225450046, vstest.console.dll, TestPluginCache: Discoverers are ''.
TpTrace Verbose: 0 : 6772, 1, 2024/03/06, 17:43:01.332, 482225450270, vstest.console.dll, TestPluginCache: Executors are ''.
TpTrace Verbose: 0 : 6772, 1, 2024/03/06, 17:43:01.332, 482225450477, vstest.console.dll, TestPluginCache: Executors2 are ''.
TpTrace Verbose: 0 : 6772, 1, 2024/03/06, 17:43:01.332, 482225450661, vstest.console.dll, TestPluginCache: Setting providers are ''.
TpTrace Verbose: 0 : 6772, 1, 2024/03/06, 17:43:01.332, 482225450836, vstest.console.dll, TestPluginCache: Loggers are ''.
TpTrace Verbose: 0 : 6772, 1, 2024/03/06, 17:43:01.332, 482225452287, vstest.console.dll, TestPluginCache: TestHosts are 'HostProvider://DefaultTestHost,HostProvider://DotnetTestHost'.
TpTrace Verbose: 0 : 6772, 1, 2024/03/06, 17:43:01.332, 482225452590, vstest.console.dll, TestPluginCache: DataCollectors are ''.
TpTrace Information: 0 : 6772, 1, 2024/03/06, 17:43:01.352, 482225655705, vstest.console.dll, RunTestsArgumentProcessor:Execute: Test run is starting.
TpTrace Verbose: 0 : 6772, 1, 2024/03/06, 17:43:01.353, 482225656496, vstest.console.dll, RunTestsArgumentProcessor:Execute: Queuing Test run.
TpTrace Information: 0 : 6772, 1, 2024/03/06, 17:43:01.353, 482225658046, vstest.console.dll, TestRequestManager.RunTests: run tests started.
TpTrace Information: 0 : 6772, 1, 2024/03/06, 17:43:01.354, 482225667557, vstest.console.dll, AssemblyMetadataProvider.GetFrameworkName: Determined framework:'.NETCoreApp,Version=v8.0' for source: 'C:\testing\SetupTest\SetupTest\bin\Debug\net8.0\fine-code-coverage\build-output\TestingPractice.dll'
TpTrace Information: 0 : 6772, 1, 2024/03/06, 17:43:01.354, 482225668731, vstest.console.dll, Determined framework for all sources: .NETCoreApp,Version=v8.0
TpTrace Verbose: 0 : 6772, 1, 2024/03/06, 17:43:01.354, 482225671239, vstest.console.dll, TestRequestManager.UpdateRunSettingsIfRequired: Default architecture: X64 IsDefaultTargetArchitecture: True, Current process architecture: X64 OperatingSystem: Windows.
TpTrace Information: 0 : 6772, 1, 2024/03/06, 17:43:01.355, 482225684337, vstest.console.dll, AssemblyMetadataProvider.GetArchitecture: Determined architecture:AnyCPU info for assembly: C:\testing\SetupTest\SetupTest\bin\Debug\net8.0\fine-code-coverage\build-output\TestingPractice.dll
TpTrace Information: 0 : 6772, 1, 2024/03/06, 17:43:01.355, 482225684880, vstest.console.dll, Determined platform for source 'C:\testing\SetupTest\SetupTest\bin\Debug\net8.0\fine-code-coverage\build-output\TestingPractice.dll' was AnyCPU and it will use the default plaform X64.
TpTrace Information: 0 : 6772, 1, 2024/03/06, 17:43:01.355, 482225685100, vstest.console.dll, None of the sources provided any runnable platform, using the default platform: X64
TpTrace Information: 0 : 6772, 1, 2024/03/06, 17:43:01.355, 482225685873, vstest.console.dll, Platform was updated to 'X64'.
TpTrace Information: 0 : 6772, 1, 2024/03/06, 17:43:01.359, 482225721105, vstest.console.dll, InferRunSettingsHelper.IsTestSettingsEnabled: Unable to navigate to RunSettings/MSTest. Current node: RunSettings
TpTrace Information: 0 : 6772, 1, 2024/03/06, 17:43:01.360, 482225729699, vstest.console.dll, AssemblyResolver.OnResolve: Microsoft.VisualStudio.TestPlatform.Fakes: Resolving assembly.
TpTrace Information: 0 : 6772, 1, 2024/03/06, 17:43:01.360, 482225730680, vstest.console.dll, AssemblyResolver.OnResolve: Microsoft.VisualStudio.TestPlatform.Fakes: Searching in: 'C:\Program Files\dotnet\sdk\8.0.200\Extensions'.
TpTrace Information: 0 : 6772, 1, 2024/03/06, 17:43:01.360, 482225731777, vstest.console.dll, AssemblyResolver.OnResolve: Microsoft.VisualStudio.TestPlatform.Fakes: Assembly path does not exist: 'C:\Program Files\dotnet\sdk\8.0.200\Extensions\Microsoft.VisualStudio.TestPlatform.Fakes.dll', returning.
TpTrace Information: 0 : 6772, 1, 2024/03/06, 17:43:01.360, 482225732385, vstest.console.dll, AssemblyResolver.OnResolve: Microsoft.VisualStudio.TestPlatform.Fakes: Assembly path does not exist: 'C:\Program Files\dotnet\sdk\8.0.200\Extensions\Microsoft.VisualStudio.TestPlatform.Fakes.exe', returning.
TpTrace Information: 0 : 6772, 1, 2024/03/06, 17:43:01.360, 482225732645, vstest.console.dll, AssemblyResolver.OnResolve: Microsoft.VisualStudio.TestPlatform.Fakes: Searching in: 'C:\Program Files\dotnet\sdk\8.0.200'.
TpTrace Information: 0 : 6772, 1, 2024/03/06, 17:43:01.360, 482225733133, vstest.console.dll, AssemblyResolver.OnResolve: Microsoft.VisualStudio.TestPlatform.Fakes: Assembly path does not exist: 'C:\Program Files\dotnet\sdk\8.0.200\Microsoft.VisualStudio.TestPlatform.Fakes.dll', returning.
TpTrace Information: 0 : 6772, 1, 2024/03/06, 17:43:01.360, 482225733614, vstest.console.dll, AssemblyResolver.OnResolve: Microsoft.VisualStudio.TestPlatform.Fakes: Assembly path does not exist: 'C:\Program Files\dotnet\sdk\8.0.200\Microsoft.VisualStudio.TestPlatform.Fakes.exe', returning.
TpTrace Information: 0 : 6772, 1, 2024/03/06, 17:43:01.360, 482225734057, vstest.console.dll, AssemblyResolver.OnResolve: Microsoft.VisualStudio.TestPlatform.Fakes: Failed to load assembly.
TpTrace Information: 0 : 6772, 1, 2024/03/06, 17:43:01.361, 482225736269, vstest.console.dll, Failed to load assembly Microsoft.VisualStudio.TestPlatform.Fakes, Version=17.0.0.0, Culture=neutral. Reason:System.IO.FileNotFoundException: Could not load file or assembly 'Microsoft.VisualStudio.TestPlatform.Fakes, Version=17.0.0.0, Culture=neutral, PublicKeyToken=null'. The system cannot find the file specified.
File name: 'Microsoft.VisualStudio.TestPlatform.Fakes, Version=17.0.0.0, Culture=neutral, PublicKeyToken=null'
   at System.Reflection.RuntimeAssembly.InternalLoad(AssemblyName assemblyName, StackCrawlMark& stackMark, AssemblyLoadContext assemblyLoadContext, RuntimeAssembly requestingAssembly, Boolean throwOnFileNotFound)
   at System.Reflection.Assembly.Load(AssemblyName assemblyRef)
   at Microsoft.VisualStudio.TestPlatform.Common.Utilities.FakesUtilities.LoadTestPlatformAssembly() in /_/src/Microsoft.TestPlatform.Common/Utilities/FakesUtilities.cs:line 272
TpTrace Verbose: 0 : 6772, 1, 2024/03/06, 17:43:01.363, 482225765081, vstest.console.dll, TestPluginCache.DiscoverTestExtensions: finding test extensions in assemblies ends with: TestLogger.dll TPluginInfo: Microsoft.VisualStudio.TestPlatform.Common.ExtensionFramework.Utilities.TestLoggerPluginInformation TExtension: Microsoft.VisualStudio.TestPlatform.ObjectModel.Client.ITestLogger
TpTrace Verbose: 0 : 6772, 1, 2024/03/06, 17:43:01.363, 482225766134, vstest.console.dll, TestPluginCache.GetExtensionPaths: Filtered extension paths: 
TpTrace Verbose: 0 : 6772, 1, 2024/03/06, 17:43:01.364, 482225766423, vstest.console.dll, TestPluginCache.GetExtensionPaths: Added default extension paths: C:\Program Files\dotnet\sdk\8.0.200\Extensions\Microsoft.Diagnostics.NETCore.Client.dll
C:\Program Files\dotnet\sdk\8.0.200\Extensions\Microsoft.TestPlatform.Extensions.BlameDataCollector.dll
C:\Program Files\dotnet\sdk\8.0.200\Extensions\Microsoft.TestPlatform.Extensions.EventLogCollector.dll
C:\Program Files\dotnet\sdk\8.0.200\Extensions\Microsoft.TestPlatform.TestHostRuntimeProvider.dll
C:\Program Files\dotnet\sdk\8.0.200\Extensions\Microsoft.VisualStudio.TestPlatform.Extensions.Html.TestLogger.dll
C:\Program Files\dotnet\sdk\8.0.200\Extensions\Microsoft.VisualStudio.TestPlatform.Extensions.Trx.TestLogger.dll
TpTrace Verbose: 0 : 6772, 1, 2024/03/06, 17:43:01.364, 482225766668, vstest.console.dll, TestPluginCache.GetExtensionPaths: Added unfilterableExtensionPaths: 
TpTrace Information: 0 : 6772, 1, 2024/03/06, 17:43:01.364, 482225767962, vstest.console.dll, AssemblyResolver.AddSearchDirectories: Adding more searchDirectories C:\Program Files\dotnet\sdk\8.0.200\Extensions,C:\Program Files\dotnet\sdk\8.0.200
TpTrace Verbose: 0 : 6772, 1, 2024/03/06, 17:43:01.364, 482225768335, vstest.console.dll, TestPluginCache.DiscoverTestExtensions: Discovering the extensions using extension path.
TpTrace Verbose: 0 : 6772, 1, 2024/03/06, 17:43:01.364, 482225768592, vstest.console.dll, TestPluginCache.GetExtensionPaths: Filtered extension paths: 
TpTrace Verbose: 0 : 6772, 1, 2024/03/06, 17:43:01.364, 482225768835, vstest.console.dll, TestPluginCache.GetExtensionPaths: Added default extension paths: C:\Program Files\dotnet\sdk\8.0.200\Extensions\Microsoft.Diagnostics.NETCore.Client.dll
C:\Program Files\dotnet\sdk\8.0.200\Extensions\Microsoft.TestPlatform.Extensions.BlameDataCollector.dll
C:\Program Files\dotnet\sdk\8.0.200\Extensions\Microsoft.TestPlatform.Extensions.EventLogCollector.dll
C:\Program Files\dotnet\sdk\8.0.200\Extensions\Microsoft.TestPlatform.TestHostRuntimeProvider.dll
C:\Program Files\dotnet\sdk\8.0.200\Extensions\Microsoft.VisualStudio.TestPlatform.Extensions.Html.TestLogger.dll
C:\Program Files\dotnet\sdk\8.0.200\Extensions\Microsoft.VisualStudio.TestPlatform.Extensions.Trx.TestLogger.dll
TpTrace Verbose: 0 : 6772, 1, 2024/03/06, 17:43:01.364, 482225769035, vstest.console.dll, TestPluginCache.GetExtensionPaths: Added unfilterableExtensionPaths: 
TpTrace Verbose: 0 : 6772, 1, 2024/03/06, 17:43:01.364, 482225769450, vstest.console.dll, TestPluginCache.DiscoverTestExtensions: Discovering the extensions using allExtensionPaths: C:\Program Files\dotnet\sdk\8.0.200\Extensions\Microsoft.Diagnostics.NETCore.Client.dll
C:\Program Files\dotnet\sdk\8.0.200\Extensions\Microsoft.TestPlatform.Extensions.BlameDataCollector.dll
C:\Program Files\dotnet\sdk\8.0.200\Extensions\Microsoft.TestPlatform.Extensions.EventLogCollector.dll
C:\Program Files\dotnet\sdk\8.0.200\Extensions\Microsoft.TestPlatform.TestHostRuntimeProvider.dll
C:\Program Files\dotnet\sdk\8.0.200\Extensions\Microsoft.VisualStudio.TestPlatform.Extensions.Html.TestLogger.dll
C:\Program Files\dotnet\sdk\8.0.200\Extensions\Microsoft.VisualStudio.TestPlatform.Extensions.Trx.TestLogger.dll
TpTrace Information: 0 : 6772, 1, 2024/03/06, 17:43:01.364, 482225770619, vstest.console.dll, AssemblyResolver.AddSearchDirectories: Adding more searchDirectories C:\Program Files\dotnet\sdk\8.0.200\Extensions,C:\Program Files\dotnet\sdk\8.0.200
TpTrace Information: 0 : 6772, 1, 2024/03/06, 17:43:01.364, 482225770978, vstest.console.dll, AssemblyResolver.AddSearchDirectories: Adding more searchDirectories C:\Program Files\dotnet\sdk\8.0.200\Extensions,C:\Program Files\dotnet\sdk\8.0.200
TpTrace Information: 0 : 6772, 1, 2024/03/06, 17:43:01.364, 482225771212, vstest.console.dll, AssemblyResolver.AddSearchDirectories: Adding more searchDirectories C:\Program Files\dotnet\sdk\8.0.200\Extensions,C:\Program Files\dotnet\sdk\8.0.200
TpTrace Information: 0 : 6772, 1, 2024/03/06, 17:43:01.364, 482225771428, vstest.console.dll, AssemblyResolver.AddSearchDirectories: Adding more searchDirectories C:\Program Files\dotnet\sdk\8.0.200\Extensions,C:\Program Files\dotnet\sdk\8.0.200
TpTrace Information: 0 : 6772, 1, 2024/03/06, 17:43:01.364, 482225771667, vstest.console.dll, AssemblyResolver.AddSearchDirectories: Adding more searchDirectories C:\Program Files\dotnet\sdk\8.0.200\Extensions,C:\Program Files\dotnet\sdk\8.0.200
TpTrace Information: 0 : 6772, 1, 2024/03/06, 17:43:01.364, 482225771998, vstest.console.dll, AssemblyResolver.AddSearchDirectories: Adding more searchDirectories C:\Program Files\dotnet\sdk\8.0.200\Extensions,C:\Program Files\dotnet\sdk\8.0.200
TpTrace Verbose: 0 : 6772, 1, 2024/03/06, 17:43:01.364, 482225772810, vstest.console.dll, MetadataReaderExtensionsHelper: Discovering extensions inside assembly 'Microsoft.Diagnostics.NETCore.Client, Version=0.2.9.2401, Culture=neutral, PublicKeyToken=31bf3856ad364e35' file path 'C:\Program Files\dotnet\sdk\8.0.200\Extensions\Microsoft.Diagnostics.NETCore.Client.dll'
TpTrace Information: 0 : 6772, 1, 2024/03/06, 17:43:01.365, 482225781280, vstest.console.dll, AssemblyResolver.OnResolve: Microsoft.Bcl.AsyncInterfaces: Resolving assembly.
TpTrace Information: 0 : 6772, 1, 2024/03/06, 17:43:01.365, 482225781712, vstest.console.dll, AssemblyResolver.OnResolve: Microsoft.Bcl.AsyncInterfaces: Resolved from cache.
TpTrace Verbose: 0 : 6772, 1, 2024/03/06, 17:43:01.365, 482225781931, vstest.console.dll, CurrentDomainAssemblyResolve: Resolving assembly 'Microsoft.Bcl.AsyncInterfaces'.
TpTrace Information: 0 : 6772, 1, 2024/03/06, 17:43:01.365, 482225782372, vstest.console.dll, AssemblyResolver.OnResolve: Microsoft.Bcl.AsyncInterfaces: Resolving assembly.
TpTrace Information: 0 : 6772, 1, 2024/03/06, 17:43:01.365, 482225782590, vstest.console.dll, AssemblyResolver.OnResolve: Microsoft.Bcl.AsyncInterfaces: Resolved from cache.
TpTrace Verbose: 0 : 6772, 1, 2024/03/06, 17:43:01.365, 482225782778, vstest.console.dll, CurrentDomainAssemblyResolve: Resolving assembly 'Microsoft.Bcl.AsyncInterfaces'.
TpTrace Verbose: 0 : 6772, 1, 2024/03/06, 17:43:01.365, 482225782960, vstest.console.dll, CurrentDomainAssemblyResolve: Failed to resolve assembly 'Microsoft.Bcl.AsyncInterfaces'.
TpTrace Verbose: 0 : 6772, 1, 2024/03/06, 17:43:01.365, 482225784017, vstest.console.dll, CurrentDomainAssemblyResolve: Failed to resolve assembly 'Microsoft.Bcl.AsyncInterfaces'.
TpTrace Warning: 0 : 6772, 1, 2024/03/06, 17:43:01.366, 482225786455, vstest.console.dll, TestPluginDiscoverer: Failed to get types from assembly 'Microsoft.Diagnostics.NETCore.Client, Version=0.2.9.2401, Culture=neutral, PublicKeyToken=31bf3856ad364e35'. Error: System.Reflection.ReflectionTypeLoadException: Unable to load one or more of the requested types.
Could not load file or assembly 'Microsoft.Bcl.AsyncInterfaces, Version=6.0.0.0, Culture=neutral, PublicKeyToken=cc7b13ffcd2ddd51'. The system cannot find the file specified.
   at System.Reflection.RuntimeModule.GetTypes(RuntimeModule module)
   at System.Reflection.RuntimeModule.GetTypes()
   at Microsoft.VisualStudio.TestPlatform.Common.ExtensionFramework.TestPluginDiscoverer.GetTestExtensionsFromAssembly[TPluginInfo,TExtension](Assembly assembly, Dictionary`2 pluginInfos, String filePath) in /_/src/Microsoft.TestPlatform.Common/ExtensionFramework/TestPluginDiscoverer.cs:line 158
System.IO.FileNotFoundException: Could not load file or assembly 'Microsoft.Bcl.AsyncInterfaces, Version=6.0.0.0, Culture=neutral, PublicKeyToken=cc7b13ffcd2ddd51'. The system cannot find the file specified.
File name: 'Microsoft.Bcl.AsyncInterfaces, Version=6.0.0.0, Culture=neutral, PublicKeyToken=cc7b13ffcd2ddd51'
 ---> System.IO.FileNotFoundException: Could not load file or assembly 'Microsoft.Bcl.AsyncInterfaces, Culture=neutral, PublicKeyToken=null'. The system cannot find the file specified.
File name: 'Microsoft.Bcl.AsyncInterfaces, Culture=neutral, PublicKeyToken=null'
   at System.Reflection.RuntimeAssembly.InternalLoad(AssemblyName assemblyName, StackCrawlMark& stackMark, AssemblyLoadContext assemblyLoadContext, RuntimeAssembly requestingAssembly, Boolean throwOnFileNotFound)
   at System.Reflection.Assembly.Load(AssemblyName assemblyRef)
   at Microsoft.VisualStudio.TestPlatform.Common.ExtensionFramework.TestPluginCache.CurrentDomainAssemblyResolve(Object sender, AssemblyResolveEventArgs args) in /_/src/Microsoft.TestPlatform.Common/ExtensionFramework/TestPluginCache.cs:line 513
   at System.Runtime.Loader.AssemblyLoadContext.GetFirstResolvedAssemblyFromResolvingEvent(AssemblyName assemblyName)
   at System.Runtime.Loader.AssemblyLoadContext.ResolveUsingEvent(AssemblyName assemblyName)
   at System.Runtime.Loader.AssemblyLoadContext.ResolveUsingResolvingEvent(IntPtr gchManagedAssemblyLoadContext, AssemblyName assemblyName)
TpTrace Warning: 0 : 6772, 1, 2024/03/06, 17:43:01.366, 482225787639, vstest.console.dll, LoaderExceptions: System.IO.FileNotFoundException: Could not load file or assembly 'Microsoft.Bcl.AsyncInterfaces, Version=6.0.0.0, Culture=neutral, PublicKeyToken=cc7b13ffcd2ddd51'. The system cannot find the file specified.
File name: 'Microsoft.Bcl.AsyncInterfaces, Version=6.0.0.0, Culture=neutral, PublicKeyToken=cc7b13ffcd2ddd51'
 ---> System.IO.FileNotFoundException: Could not load file or assembly 'Microsoft.Bcl.AsyncInterfaces, Culture=neutral, PublicKeyToken=null'. The system cannot find the file specified.
File name: 'Microsoft.Bcl.AsyncInterfaces, Culture=neutral, PublicKeyToken=null'
   at System.Reflection.RuntimeAssembly.InternalLoad(AssemblyName assemblyName, StackCrawlMark& stackMark, AssemblyLoadContext assemblyLoadContext, RuntimeAssembly requestingAssembly, Boolean throwOnFileNotFound)
   at System.Reflection.Assembly.Load(AssemblyName assemblyRef)
   at Microsoft.VisualStudio.TestPlatform.Common.ExtensionFramework.TestPluginCache.CurrentDomainAssemblyResolve(Object sender, AssemblyResolveEventArgs args) in /_/src/Microsoft.TestPlatform.Common/ExtensionFramework/TestPluginCache.cs:line 513
   at System.Runtime.Loader.AssemblyLoadContext.GetFirstResolvedAssemblyFromResolvingEvent(AssemblyName assemblyName)
   at System.Runtime.Loader.AssemblyLoadContext.ResolveUsingEvent(AssemblyName assemblyName)
   at System.Runtime.Loader.AssemblyLoadContext.ResolveUsingResolvingEvent(IntPtr gchManagedAssemblyLoadContext, AssemblyName assemblyName)
TpTrace Verbose: 0 : 6772, 1, 2024/03/06, 17:43:01.366, 482225788193, vstest.console.dll, MetadataReaderExtensionsHelper: Discovering extensions inside assembly 'Microsoft.TestPlatform.Extensions.BlameDataCollector, Version=15.0.0.0, Culture=neutral, PublicKeyToken=b03f5f7f11d50a3a' file path 'C:\Program Files\dotnet\sdk\8.0.200\Extensions\Microsoft.TestPlatform.Extensions.BlameDataCollector.dll'
TpTrace Information: 0 : 6772, 1, 2024/03/06, 17:43:01.366, 482225795755, vstest.console.dll, GetTestExtensionFromType: Register extension with identifier data 'logger://Microsoft/TestPlatform/Extensions/Blame/v1' and type 'Microsoft.TestPlatform.Extensions.BlameDataCollector.BlameLogger, Microsoft.TestPlatform.Extensions.BlameDataCollector, Version=15.0.0.0, Culture=neutral, PublicKeyToken=b03f5f7f11d50a3a' inside file 'C:\Program Files\dotnet\sdk\8.0.200\Extensions\Microsoft.TestPlatform.Extensions.BlameDataCollector.dll'
TpTrace Verbose: 0 : 6772, 1, 2024/03/06, 17:43:01.367, 482225796546, vstest.console.dll, MetadataReaderExtensionsHelper: Discovering extensions inside assembly 'Microsoft.TestPlatform.Extensions.EventLogCollector, Version=15.0.0.0, Culture=neutral, PublicKeyToken=b03f5f7f11d50a3a' file path 'C:\Program Files\dotnet\sdk\8.0.200\Extensions\Microsoft.TestPlatform.Extensions.EventLogCollector.dll'
TpTrace Verbose: 0 : 6772, 1, 2024/03/06, 17:43:01.367, 482225801854, vstest.console.dll, MetadataReaderExtensionsHelper: Discovering extensions inside assembly 'Microsoft.TestPlatform.TestHostRuntimeProvider, Version=15.0.0.0, Culture=neutral, PublicKeyToken=b03f5f7f11d50a3a' file path 'C:\Program Files\dotnet\sdk\8.0.200\Extensions\Microsoft.TestPlatform.TestHostRuntimeProvider.dll'
TpTrace Verbose: 0 : 6772, 1, 2024/03/06, 17:43:01.368, 482225806178, vstest.console.dll, MetadataReaderExtensionsHelper: Discovering extensions inside assembly 'Microsoft.VisualStudio.TestPlatform.Extensions.Html.TestLogger, Version=15.0.0.0, Culture=neutral, PublicKeyToken=b03f5f7f11d50a3a' file path 'C:\Program Files\dotnet\sdk\8.0.200\Extensions\Microsoft.VisualStudio.TestPlatform.Extensions.Html.TestLogger.dll'
TpTrace Information: 0 : 6772, 1, 2024/03/06, 17:43:01.368, 482225812450, vstest.console.dll, GetTestExtensionFromType: Register extension with identifier data 'logger://Microsoft/TestPlatform/HtmlLogger/v1' and type 'Microsoft.VisualStudio.TestPlatform.Extensions.HtmlLogger.HtmlLogger, Microsoft.VisualStudio.TestPlatform.Extensions.Html.TestLogger, Version=15.0.0.0, Culture=neutral, PublicKeyToken=b03f5f7f11d50a3a' inside file 'C:\Program Files\dotnet\sdk\8.0.200\Extensions\Microsoft.VisualStudio.TestPlatform.Extensions.Html.TestLogger.dll'
TpTrace Verbose: 0 : 6772, 1, 2024/03/06, 17:43:01.368, 482225813043, vstest.console.dll, MetadataReaderExtensionsHelper: Discovering extensions inside assembly 'Microsoft.VisualStudio.TestPlatform.Extensions.Trx.TestLogger, Version=15.0.0.0, Culture=neutral, PublicKeyToken=b03f5f7f11d50a3a' file path 'C:\Program Files\dotnet\sdk\8.0.200\Extensions\Microsoft.VisualStudio.TestPlatform.Extensions.Trx.TestLogger.dll'
TpTrace Information: 0 : 6772, 1, 2024/03/06, 17:43:01.369, 482225817093, vstest.console.dll, GetTestExtensionFromType: Register extension with identifier data 'logger://Microsoft/TestPlatform/TrxLogger/v1' and type 'Microsoft.VisualStudio.TestPlatform.Extensions.TrxLogger.TrxLogger, Microsoft.VisualStudio.TestPlatform.Extensions.Trx.TestLogger, Version=15.0.0.0, Culture=neutral, PublicKeyToken=b03f5f7f11d50a3a' inside file 'C:\Program Files\dotnet\sdk\8.0.200\Extensions\Microsoft.VisualStudio.TestPlatform.Extensions.Trx.TestLogger.dll'
TpTrace Verbose: 0 : 6772, 1, 2024/03/06, 17:43:01.369, 482225817699, vstest.console.dll, TestPluginCache: Discovered the extensions using extension path ''.
TpTrace Verbose: 0 : 6772, 1, 2024/03/06, 17:43:01.369, 482225817951, vstest.console.dll, TestPluginCache: Discoverers are ''.
TpTrace Verbose: 0 : 6772, 1, 2024/03/06, 17:43:01.369, 482225818133, vstest.console.dll, TestPluginCache: Executors are ''.
TpTrace Verbose: 0 : 6772, 1, 2024/03/06, 17:43:01.369, 482225818306, vstest.console.dll, TestPluginCache: Executors2 are ''.
TpTrace Verbose: 0 : 6772, 1, 2024/03/06, 17:43:01.369, 482225818474, vstest.console.dll, TestPluginCache: Setting providers are ''.
TpTrace Verbose: 0 : 6772, 1, 2024/03/06, 17:43:01.369, 482225819023, vstest.console.dll, TestPluginCache: Loggers are 'logger://Microsoft/TestPlatform/Extensions/Blame/v1,logger://Microsoft/TestPlatform/HtmlLogger/v1,logger://Microsoft/TestPlatform/TrxLogger/v1'.
TpTrace Verbose: 0 : 6772, 1, 2024/03/06, 17:43:01.369, 482225819365, vstest.console.dll, TestPluginCache: TestHosts are 'HostProvider://DefaultTestHost,HostProvider://DotnetTestHost'.
TpTrace Verbose: 0 : 6772, 1, 2024/03/06, 17:43:01.369, 482225819594, vstest.console.dll, TestPluginCache: DataCollectors are ''.
TpTrace Information: 0 : 6772, 1, 2024/03/06, 17:43:01.369, 482225825678, vstest.console.dll, TestPluginManager.CreateTestExtension: Attempting to load test extension: Microsoft.TestPlatform.Extensions.BlameDataCollector.BlameLogger
TpTrace Verbose: 0 : 6772, 1, 2024/03/06, 17:43:01.378, 482225906807, vstest.console.dll, TestEngine: Initializing Parallel Execution as MaxCpuCount is set to: 1
TpTrace Information: 0 : 6772, 1, 2024/03/06, 17:43:01.379, 482225919658, vstest.console.dll, TestPluginManager.CreateTestExtension: Attempting to load test extension: Microsoft.VisualStudio.TestPlatform.CrossPlatEngine.Hosting.DefaultTestHostManager
TpTrace Information: 0 : 6772, 1, 2024/03/06, 17:43:01.380, 482225931966, vstest.console.dll, TestPluginManager.CreateTestExtension: Attempting to load test extension: Microsoft.VisualStudio.TestPlatform.CrossPlatEngine.Hosting.DotnetTestHostManager
TpTrace Information: 0 : 6772, 1, 2024/03/06, 17:43:01.381, 482225937060, vstest.console.dll, InferRunSettingsHelper.IsTestSettingsEnabled: Unable to navigate to RunSettings/MSTest. Current node: RunSettings
TpTrace Verbose: 0 : 6772, 1, 2024/03/06, 17:43:01.381, 482225943473, vstest.console.dll, ParallelOperationManager.ClearSlots: Clearing all slots. Slots should accept more work: True
TpTrace Verbose: 0 : 6772, 1, 2024/03/06, 17:43:01.382, 482225948818, vstest.console.dll, ParallelOperationManager.SetOccupiedSlotCount: Setting slot counts AvailableSlotCount = 3, OccupiedSlotCount = 0.
TpTrace Verbose: 0 : 6772, 1, 2024/03/06, 17:43:01.382, 482225951584, vstest.console.dll, Occupied slots:

TpTrace Verbose: 0 : 6772, 1, 2024/03/06, 17:43:01.385, 482225984604, vstest.console.dll, TestEngine.GetExecutionManager: Chosen execution manager 'Microsoft.VisualStudio.TestPlatform.CrossPlatEngine.Client.Parallel.ParallelProxyExecutionManager, Microsoft.TestPlatform.CrossPlatEngine, Version=15.0.0.0, Culture=neutral, PublicKeyToken=b03f5f7f11d50a3a' ParallelLevel '1'.
TpTrace Verbose: 0 : 6772, 1, 2024/03/06, 17:43:01.386, 482225986343, vstest.console.dll, TestRunRequest.ExecuteAsync: Creating test run request.
TpTrace Verbose: 0 : 6772, 1, 2024/03/06, 17:43:01.386, 482225988663, vstest.console.dll, TestRunRequest.ExecuteAsync: Starting.
TpTrace Information: 0 : 6772, 1, 2024/03/06, 17:43:01.387, 482225998365, vstest.console.dll, TestRunRequest.ExecuteAsync: Starting run with settings:TestRunCriteria:
   KeepAlive=False,FrequencyOfRunStatsChangeEvent=10,RunStatsChangeEventTimeout=00:00:01.5000000,TestCaseFilter=,TestExecutorLauncher=
   Settingsxml=<RunSettings>
  <RunConfiguration>
    <ResultsDirectory>C:\testing\SetupTest\SetupTest\bin\Debug\net8.0\fine-code-coverage\coverage-tool-output</ResultsDirectory>
    <TargetPlatform>X64</TargetPlatform>
    <TargetFrameworkVersion>.NETCoreApp,Version=v8.0</TargetFrameworkVersion>
    <DesignMode>False</DesignMode>
    <CollectSourceInformation>False</CollectSourceInformation>
  </RunConfiguration>
  <LoggerRunSettings>
    <Loggers>
      <Logger friendlyName="blame" enabled="True" />
      <Logger friendlyName="Console" uri="logger://microsoft/TestPlatform/ConsoleLogger/v1" assemblyQualifiedName="Microsoft.VisualStudio.TestPlatform.CommandLine.Internal.ConsoleLogger, vstest.console, Version=15.0.0.0, Culture=neutral, PublicKeyToken=b03f5f7f11d50a3a" codeBase="C:\Program Files\dotnet\sdk\8.0.200\vstest.console.dll" enabled="True" />
    </Loggers>
  </LoggerRunSettings>
  <DataCollectionRunSettings>
    <DataCollectors>
      <DataCollector friendlyName="blame" enabled="True">
        <Configuration>
          <ResultsDirectory>C:\testing\SetupTest\SetupTest\bin\Debug\net8.0\fine-code-coverage\coverage-tool-output</ResultsDirectory>
        </Configuration>
      </DataCollector>
    </DataCollectors>
  </DataCollectionRunSettings>
</RunSettings>

TpTrace Verbose: 0 : 6772, 1, 2024/03/06, 17:43:01.387, 482225998951, vstest.console.dll, TestRunRequest.ExecuteAsync: Wait for the first run request is over.
TpTrace Verbose: 0 : 6772, 1, 2024/03/06, 17:43:01.387, 482226003476, vstest.console.dll, MulticastDelegateUtilities.SafeInvoke: TestRun.TestRunStart: Invoking callbacks was skipped because there are no subscribers.
TpTrace Verbose: 0 : 6772, 4, 2024/03/06, 17:43:01.387, 482226005577, vstest.console.dll, MulticastDelegateUtilities.SafeInvoke: InternalTestLoggerEvents.SendTestRunStart: Invoking callback 1/1 for Microsoft.VisualStudio.TestPlatform.CommandLine.Internal.ConsoleLogger., took 0 ms.
TpTrace Verbose: 0 : 6772, 1, 2024/03/06, 17:43:01.389, 482226016892, vstest.console.dll, ParallelProxyExecutionManager: Start execution. Total sources: 1
TpTrace Verbose: 0 : 6772, 1, 2024/03/06, 17:43:01.389, 482226021392, vstest.console.dll, ParallelOperationManager.StartWork: Starting adding 1 workloads.
TpTrace Verbose: 0 : 6772, 1, 2024/03/06, 17:43:01.389, 482226022159, vstest.console.dll, ParallelOperationManager.ClearSlots: Clearing all slots. Slots should accept more work: True
TpTrace Verbose: 0 : 6772, 1, 2024/03/06, 17:43:01.389, 482226022736, vstest.console.dll, ParallelOperationManager.SetOccupiedSlotCount: Setting slot counts AvailableSlotCount = 3, OccupiedSlotCount = 0.
TpTrace Verbose: 0 : 6772, 1, 2024/03/06, 17:43:01.389, 482226023092, vstest.console.dll, Occupied slots:

TpTrace Verbose: 0 : 6772, 1, 2024/03/06, 17:43:01.390, 482226034570, vstest.console.dll, TestRequestSender is acting as server.
TpTrace Verbose: 0 : 6772, 1, 2024/03/06, 17:43:01.392, 482226048987, vstest.console.dll, ParallelOperationManager.RunWorkInParallel: Adding 1 workload to slot, remaining workloads 0.
TpTrace Verbose: 0 : 6772, 1, 2024/03/06, 17:43:01.392, 482226049937, vstest.console.dll, ParallelOperationManager.SetOccupiedSlotCount: Setting slot counts AvailableSlotCount = 2, OccupiedSlotCount = 1.
TpTrace Verbose: 0 : 6772, 1, 2024/03/06, 17:43:01.392, 482226051184, vstest.console.dll, Occupied slots:
0: C:\testing\SetupTest\SetupTest\bin\Debug\net8.0\fine-code-coverage\build-output\TestingPractice.dll
TpTrace Verbose: 0 : 6772, 1, 2024/03/06, 17:43:01.393, 482226066182, vstest.console.dll, ParallelOperationManager.RunWorkInParallel: Started host in slot number 0 for work (source): C:\testing\SetupTest\SetupTest\bin\Debug\net8.0\fine-code-coverage\build-output\TestingPractice.dll.
TpTrace Verbose: 0 : 6772, 1, 2024/03/06, 17:43:01.394, 482226073211, vstest.console.dll, ParallelOperationManager.RunWorkInParallel: We started 1 work items, which is the max parallel level. Won't start more work.
TpTrace Verbose: 0 : 6772, 1, 2024/03/06, 17:43:01.394, 482226073949, vstest.console.dll, ParallelOperationManager.RunWorkInParallel: We started 1 work items in here, returning True.
TpTrace Information: 0 : 6772, 1, 2024/03/06, 17:43:01.394, 482226074325, vstest.console.dll, TestRunRequest.ExecuteAsync: Started.
TpTrace Verbose: 0 : 6772, 5, 2024/03/06, 17:43:01.394, 482226074853, vstest.console.dll, ParallelProxyExecutionManager.StartTestRunOnConcurrentManager: Initializing uninitialized client. Started clients: 0
TpTrace Verbose: 0 : 6772, 5, 2024/03/06, 17:43:01.395, 482226076237, vstest.console.dll, DataCollectionRequestSender.InitializeCommunication : Initialize communication. 
TpTrace Verbose: 0 : 6772, 1, 2024/03/06, 17:43:01.395, 482226079527, vstest.console.dll, TestRunRequest.WaitForCompletion: Waiting with timeout -1.
TpTrace Information: 0 : 6772, 5, 2024/03/06, 17:43:01.401, 482226144128, vstest.console.dll, Listening on Endpoint : 127.0.0.1:61189
TpTrace Verbose: 0 : 6772, 5, 2024/03/06, 17:43:01.406, 482226189274, vstest.console.dll, DotnetDataCollectionLauncher: Adding  --runtimeconfig "C:\Program Files\dotnet\sdk\8.0.200\datacollector.runtimeconfig.json" in args
TpTrace Verbose: 0 : 6772, 5, 2024/03/06, 17:43:01.406, 482226190466, vstest.console.dll, DotnetDataCollectionLauncher: Adding  --depsfile "C:\Program Files\dotnet\sdk\8.0.200\datacollector.deps.json" in args
TpTrace Verbose: 0 : 6772, 5, 2024/03/06, 17:43:01.406, 482226191622, vstest.console.dll, DotnetDataCollectionLauncher: Full path of dotnet.exe is C:\Program Files\dotnet\dotnet.exe
TpTrace Information: 0 : 6772, 5, 2024/03/06, 17:43:01.413, 482226256851, vstest.console.dll, ProxyDataCollectionManager.Initialize: Launched datacollector processId: 16940 port: 61189
TpTrace Information: 0 : 6772, 5, 2024/03/06, 17:43:01.413, 482226258607, vstest.console.dll, ProxyDataCollectionManager.Initialize: waiting for connection with timeout: 90 seconds
TpTrace Verbose: 0 : 6772, 5, 2024/03/06, 17:43:01.413, 482226259321, vstest.console.dll, DataCollectionRequestSender.WaitForRequestHandlerConnection : Waiting for connection with timeout: 90000
TpTrace Verbose: 0 : 6772, 5, 2024/03/06, 17:43:01.555, 482227679760, vstest.console.dll, SocketCommunicationManager.WaitForClientConnection took: 141 ms, with 90000 ms timeout, and finished with True.
TpTrace Information: 0 : 6772, 7, 2024/03/06, 17:43:01.555, 482227679685, vstest.console.dll, Using the buffer size of 16384 bytes
TpTrace Verbose: 0 : 6772, 5, 2024/03/06, 17:43:01.555, 482227680939, vstest.console.dll, ProxyDataCollectionManager.InvokeDataCollectionServiceAction: Starting.
TpTrace Information: 0 : 6772, 7, 2024/03/06, 17:43:01.555, 482227681427, vstest.console.dll, Accepted Client request and set the flag
TpTrace Information: 0 : 6772, 5, 2024/03/06, 17:43:01.555, 482227681620, vstest.console.dll, ProxyDataCollectionManager.BeforeTestRunStart: Get environment variable and port for datacollector processId: 16940 port: 61189
TpTrace Verbose: 0 : 6772, 5, 2024/03/06, 17:43:01.555, 482227682461, vstest.console.dll, DataCollectionRequestSender.SendBeforeTestRunStartAndGetResult: Send BeforeTestRunStart message with settingsXml <RunSettings><RunConfiguration><ResultsDirectory>C:\testing\SetupTest\SetupTest\bin\Debug\net8.0\fine-code-coverage\coverage-tool-output</ResultsDirectory><TargetPlatform>X64</TargetPlatform><TargetFrameworkVersion>.NETCoreApp,Version=v8.0</TargetFrameworkVersion><DesignMode>False</DesignMode><CollectSourceInformation>False</CollectSourceInformation><TestAdaptersPaths>C:\Program Files\dotnet\sdk\8.0.200\Extensions</TestAdaptersPaths></RunConfiguration><LoggerRunSettings><Loggers><Logger friendlyName="blame" enabled="True" /><Logger friendlyName="Console" uri="logger://microsoft/TestPlatform/ConsoleLogger/v1" assemblyQualifiedName="Microsoft.VisualStudio.TestPlatform.CommandLine.Internal.ConsoleLogger, vstest.console, Version=15.0.0.0, Culture=neutral, PublicKeyToken=b03f5f7f11d50a3a" codeBase="C:\Program Files\dotnet\sdk\8.0.200\vstest.console.dll" enabled="True" /></Loggers></LoggerRunSettings><DataCollectionRunSettings><DataCollectors><DataCollector friendlyName="blame" enabled="True"><Configuration><ResultsDirectory>C:\testing\SetupTest\SetupTest\bin\Debug\net8.0\fine-code-coverage\coverage-tool-output</ResultsDirectory></Configuration></DataCollector></DataCollectors></DataCollectionRunSettings></RunSettings> and sources System.Collections.Generic.List`1[System.String]: 
TpTrace Verbose: 0 : 6772, 5, 2024/03/06, 17:43:01.604, 482228170869, vstest.console.dll, DataCollectionRequestSender.SendBeforeTestRunStartAndGetResult: Received message: (DataCollection.SendMessage) -> {"MessageType":"DataCollection.SendMessage","Payload":{"FriendlyName":null,"Uri":null,"TestCaseId":"00000000-0000-0000-0000-000000000000","Message":"Logging DataCollector Diagnostics in file: C:\\testing\\SetupTest\\SetupTest\\bin\\Debug\\net8.0\\fine-code-coverage\\coverage-tool-output\\diagnostics.datacollector.24-03-06_17-43-01_40608_5.log","Level":0}}
TpTrace Verbose: 0 : 6772, 5, 2024/03/06, 17:43:01.680, 482228927024, vstest.console.dll, DataCollectionRequestSender.SendBeforeTestRunStartAndGetResult: Received message: (DataCollection.BeforeTestRunStartResult) -> {"MessageType":"DataCollection.BeforeTestRunStartResult","Payload":{"EnvironmentVariables":{},"DataCollectionEventsPort":61191}}
TpTrace Information: 0 : 6772, 5, 2024/03/06, 17:43:01.683, 482228958190, vstest.console.dll, ProxyDataCollectionManager.BeforeTestRunStart: SendBeforeTestRunStartAndGetResult successful, env variable from datacollector:   and testhost port: 61191
TpTrace Information: 0 : 6772, 5, 2024/03/06, 17:43:01.683, 482228959226, vstest.console.dll, ProxyDataCollectionManager.InvokeDataCollectionServiceAction: Completed.
TpTrace Verbose: 0 : 6772, 5, 2024/03/06, 17:43:01.683, 482228959632, vstest.console.dll, ParallelProxyExecutionManager.StartTestRunOnConcurrentManager: Initializing test run. Started clients: 0
TpTrace Verbose: 0 : 6772, 5, 2024/03/06, 17:43:01.683, 482228960307, vstest.console.dll, ProxyExecutionManager: Test host is always Lazy initialize.
TpTrace Verbose: 0 : 6772, 5, 2024/03/06, 17:43:01.683, 482228962111, vstest.console.dll, TestRequestSender.InitializeCommunication: initialize communication. 
TpTrace Information: 0 : 6772, 5, 2024/03/06, 17:43:01.684, 482228967175, vstest.console.dll, SocketServer.Start: Listening on endpoint : 127.0.0.1:61192
TpTrace Verbose: 0 : 6772, 5, 2024/03/06, 17:43:01.684, 482228972206, vstest.console.dll, DotnetTestHostmanager.GetTestHostProcessStartInfo: Platform environment 'X64' target architecture 'X64' framework '.NETCoreApp,Version=v8.0' OS 'Windows'
TpTrace Verbose: 0 : 6772, 5, 2024/03/06, 17:43:01.684, 482228974441, vstest.console.dll, DotnetTestHostmanager: Adding  --runtimeconfig "C:\testing\SetupTest\SetupTest\bin\Debug\net8.0\fine-code-coverage\build-output\TestingPractice.runtimeconfig.json" in args
TpTrace Verbose: 0 : 6772, 5, 2024/03/06, 17:43:01.684, 482228975463, vstest.console.dll, DotnetTestHostmanager: Adding  --depsfile "C:\testing\SetupTest\SetupTest\bin\Debug\net8.0\fine-code-coverage\build-output\TestingPractice.deps.json" in args
TpTrace Verbose: 0 : 6772, 5, 2024/03/06, 17:43:01.685, 482228976732, vstest.console.dll, DotnetTestHostmanager.IsWinOnArm: Current PROCESSOR_ARCHITECTURE from environment variable 'AMD64'
TpTrace Verbose: 0 : 6772, 5, 2024/03/06, 17:43:01.685, 482228977168, vstest.console.dll, DotnetTestHostmanager.IsWinOnArm: Is Windows on ARM 'False'
TpTrace Verbose: 0 : 6772, 5, 2024/03/06, 17:43:01.685, 482228977854, vstest.console.dll, DotnetTestHostManager: testhost.exe found at path: C:\testing\SetupTest\SetupTest\bin\Debug\net8.0\fine-code-coverage\build-output\testhost.exe
TpTrace Verbose: 0 : 6772, 5, 2024/03/06, 17:43:01.685, 482228978261, vstest.console.dll, DotnetTestHostmanager: Full path of host exe is C:\testing\SetupTest\SetupTest\bin\Debug\net8.0\fine-code-coverage\build-output\testhost.exe
TpTrace Verbose: 0 : 6772, 5, 2024/03/06, 17:43:01.685, 482228979162, vstest.console.dll, DotnetTestHostmanager.LaunchTestHostAsync: Found 'VSTEST_WINAPPHOST_DOTNET_ROOT' in env variables, value 'C:\Program Files\dotnet', forwarding to 'DOTNET_ROOT'
TpTrace Verbose: 0 : 6772, 5, 2024/03/06, 17:43:01.685, 482228980173, vstest.console.dll, DotnetTestHostManager: Starting process 'C:\testing\SetupTest\SetupTest\bin\Debug\net8.0\fine-code-coverage\build-output\testhost.exe' with command line ' --runtimeconfig "C:\testing\SetupTest\SetupTest\bin\Debug\net8.0\fine-code-coverage\build-output\TestingPractice.runtimeconfig.json" --depsfile "C:\testing\SetupTest\SetupTest\bin\Debug\net8.0\fine-code-coverage\build-output\TestingPractice.deps.json" --port 61192 --endpoint 127.0.0.1:061192 --role client --parentprocessid 6772 --diag "C:\testing\SetupTest\SetupTest\bin\Debug\net8.0\fine-code-coverage\coverage-tool-output\diagnostics.host.24-03-06_17-43-01_68436_5.log" --tracelevel 4 --datacollectionport 61191 --telemetryoptedin false'
TpTrace Verbose: 0 : 6772, 5, 2024/03/06, 17:43:01.690, 482229034592, vstest.console.dll, MulticastDelegateUtilities.SafeInvoke: HostProviderEvents.OnHostLaunched: Invoking callback 1/2 for Microsoft.VisualStudio.TestPlatform.CrossPlatEngine.Client.ProxyExecutionManagerWithDataCollection., took 1 ms.
TpTrace Verbose: 0 : 6772, 5, 2024/03/06, 17:43:01.691, 482229037685, vstest.console.dll, Test Runtime launched
TpTrace Verbose: 0 : 6772, 5, 2024/03/06, 17:43:01.691, 482229038461, vstest.console.dll, MulticastDelegateUtilities.SafeInvoke: HostProviderEvents.OnHostLaunched: Invoking callback 2/2 for Microsoft.VisualStudio.TestPlatform.CrossPlatEngine.Client.ProxyOperationManager., took 0 ms.
TpTrace Verbose: 0 : 6772, 5, 2024/03/06, 17:43:01.691, 482229043617, vstest.console.dll, TestRequestSender.WaitForRequestHandlerConnection: waiting for connection with timeout: 90000.
TpTrace Verbose: 0 : 6772, 5, 2024/03/06, 17:43:01.850, 482230628923, vstest.console.dll, TestRequestSender.WaitForRequestHandlerConnection: waiting took 158 ms, with timeout 90000 ms, and result 0, which is success.
TpTrace Verbose: 0 : 6772, 7, 2024/03/06, 17:43:01.850, 482230628706, vstest.console.dll, MulticastDelegateUtilities.SafeInvoke: SocketServer: ClientConnected: Invoking callback 1/1 for Microsoft.VisualStudio.TestPlatform.CommunicationUtilities.TestRequestSender., took 0 ms.
TpTrace Verbose: 0 : 6772, 7, 2024/03/06, 17:43:01.850, 482230632312, vstest.console.dll, SocketServer.OnClientConnected: Client connected for endPoint: 127.0.0.1:61192, starting MessageLoopAsync:
TpTrace Verbose: 0 : 6772, 7, 2024/03/06, 17:43:01.851, 482230639069, vstest.console.dll, TcpClientExtensions.MessageLoopAsync: Polling on remoteEndPoint: 127.0.0.1:61193 localEndPoint: 127.0.0.1:61192 after 0 ms
TpTrace Verbose: 0 : 6772, 5, 2024/03/06, 17:43:01.852, 482230648333, vstest.console.dll, TestRequestSender.CheckVersionWithTestHost: Sending check version message: {"MessageType":"ProtocolVersion","Payload":7}
TpTrace Verbose: 0 : 6772, 7, 2024/03/06, 17:43:01.963, 482231758805, vstest.console.dll, TcpClientExtensions.MessageLoopAsync: NotifyDataAvailable remoteEndPoint: 127.0.0.1:61193 localEndPoint: 127.0.0.1:61192
TpTrace Verbose: 0 : 6772, 7, 2024/03/06, 17:43:01.963, 482231761040, vstest.console.dll, TestRequestSender.CheckVersionWithTestHost: onMessageReceived received message: (ProtocolVersion) -> {"MessageType":"ProtocolVersion","Payload":7}
TpTrace Verbose: 0 : 6772, 7, 2024/03/06, 17:43:01.964, 482231768233, vstest.console.dll, MulticastDelegateUtilities.SafeInvoke: LengthPrefixCommunicationChannel: MessageReceived: Invoking callback 1/1 for Microsoft.VisualStudio.TestPlatform.CommunicationUtilities.TestRequestSender+<>c__DisplayClass29_0., took 0 ms.
TpTrace Verbose: 0 : 6772, 7, 2024/03/06, 17:43:01.964, 482231769082, vstest.console.dll, TcpClientExtensions.MessageLoopAsync: Polling on remoteEndPoint: 127.0.0.1:61193 localEndPoint: 127.0.0.1:61192 after 112 ms
TpTrace Verbose: 0 : 6772, 5, 2024/03/06, 17:43:01.964, 482231769057, vstest.console.dll, TestPluginCache.GetExtensionPaths: Filtered extension paths: 
TpTrace Verbose: 0 : 6772, 5, 2024/03/06, 17:43:01.964, 482231769958, vstest.console.dll, TestPluginCache.GetExtensionPaths: Added default extension paths: C:\Program Files\dotnet\sdk\8.0.200\Extensions\Microsoft.Diagnostics.NETCore.Client.dll
C:\Program Files\dotnet\sdk\8.0.200\Extensions\Microsoft.TestPlatform.Extensions.BlameDataCollector.dll
C:\Program Files\dotnet\sdk\8.0.200\Extensions\Microsoft.TestPlatform.Extensions.EventLogCollector.dll
C:\Program Files\dotnet\sdk\8.0.200\Extensions\Microsoft.TestPlatform.TestHostRuntimeProvider.dll
C:\Program Files\dotnet\sdk\8.0.200\Extensions\Microsoft.VisualStudio.TestPlatform.Extensions.Html.TestLogger.dll
C:\Program Files\dotnet\sdk\8.0.200\Extensions\Microsoft.VisualStudio.TestPlatform.Extensions.Trx.TestLogger.dll
TpTrace Verbose: 0 : 6772, 5, 2024/03/06, 17:43:01.964, 482231770402, vstest.console.dll, TestPluginCache.GetExtensionPaths: Added unfilterableExtensionPaths: 
TpTrace Verbose: 0 : 6772, 5, 2024/03/06, 17:43:01.966, 482231793371, vstest.console.dll, TestRequestSender.InitializeExecution: Sending initialize execution with message: {"Version":7,"MessageType":"TestExecution.Initialize","Payload":["C:\\testing\\SetupTest\\SetupTest\\bin\\Debug\\net8.0\\fine-code-coverage\\build-output\\NUnit3.TestAdapter.dll"]}
TpTrace Verbose: 0 : 6772, 5, 2024/03/06, 17:43:01.967, 482231797247, vstest.console.dll, ParallelProxyExecutionManager.StartTestRunOnConcurrentManager: Execution starting. Started clients: 1
TpTrace Verbose: 0 : 6772, 5, 2024/03/06, 17:43:01.967, 482231801897, vstest.console.dll, TestRunRequest:SendTestRunMessage: Starting.
TpTrace Verbose: 0 : 6772, 7, 2024/03/06, 17:43:01.967, 482231803281, vstest.console.dll, TcpClientExtensions.MessageLoopAsync: NotifyDataAvailable remoteEndPoint: 127.0.0.1:61193 localEndPoint: 127.0.0.1:61192
TpTrace Verbose: 0 : 6772, 5, 2024/03/06, 17:43:01.967, 482231804242, vstest.console.dll, MulticastDelegateUtilities.SafeInvoke: TestRun.LogMessages: Invoking callback 1/1 for Microsoft.VisualStudio.TestPlatform.CommandLine.TestRunResultAggregator., took 0 ms.
TpTrace Information: 0 : 6772, 5, 2024/03/06, 17:43:01.967, 482231804724, vstest.console.dll, TestRunRequest:SendTestRunMessage: Completed.
TpTrace Verbose: 0 : 6772, 4, 2024/03/06, 17:43:01.967, 482231806005, vstest.console.dll, MulticastDelegateUtilities.SafeInvoke: InternalTestLoggerEvents.SendTestRunMessage: Invoking callback 1/1 for Microsoft.VisualStudio.TestPlatform.CommandLine.Internal.ConsoleLogger., took 0 ms.
TpTrace Warning: 0 : 6772, 5, 2024/03/06, 17:43:01.968, 482231809019, vstest.console.dll, InferRunSettingsHelper.MakeRunsettingsCompatible: Removing the following settings: TargetPlatform from RunSettings file. To use those settings please move to latest version of Microsoft.NET.Test.Sdk
TpTrace Verbose: 0 : 6772, 7, 2024/03/06, 17:43:01.968, 482231815569, vstest.console.dll, TestRequestSender.OnExecutionMessageReceived: Received message: {"Version":7,"MessageType":"TestSession.Message","Payload":{"MessageLevel":0,"Message":"Logging TestHost Diagnostics in file: C:\\testing\\SetupTest\\SetupTest\\bin\\Debug\\net8.0\\fine-code-coverage\\coverage-tool-output\\diagnostics.host.24-03-06_17-43-01_68436_5.log"}}
TpTrace Verbose: 0 : 6772, 7, 2024/03/06, 17:43:01.971, 482231837903, vstest.console.dll, TestRunRequest:SendTestRunMessage: Starting.
TpTrace Verbose: 0 : 6772, 7, 2024/03/06, 17:43:01.971, 482231839246, vstest.console.dll, MulticastDelegateUtilities.SafeInvoke: TestRun.LogMessages: Invoking callback 1/1 for Microsoft.VisualStudio.TestPlatform.CommandLine.TestRunResultAggregator., took 0 ms.
TpTrace Verbose: 0 : 6772, 4, 2024/03/06, 17:43:01.971, 482231839407, vstest.console.dll, MulticastDelegateUtilities.SafeInvoke: InternalTestLoggerEvents.SendTestRunMessage: Invoking callback 1/1 for Microsoft.VisualStudio.TestPlatform.CommandLine.Internal.ConsoleLogger., took 0 ms.
TpTrace Information: 0 : 6772, 7, 2024/03/06, 17:43:01.971, 482231839569, vstest.console.dll, TestRunRequest:SendTestRunMessage: Completed.
TpTrace Verbose: 0 : 6772, 7, 2024/03/06, 17:43:01.971, 482231840448, vstest.console.dll, MulticastDelegateUtilities.SafeInvoke: LengthPrefixCommunicationChannel: MessageReceived: Invoking callback 1/1 for Microsoft.VisualStudio.TestPlatform.CommunicationUtilities.TestRequestSender+<>c__DisplayClass34_0., took 2 ms.
TpTrace Verbose: 0 : 6772, 7, 2024/03/06, 17:43:01.971, 482231840764, vstest.console.dll, TcpClientExtensions.MessageLoopAsync: Polling on remoteEndPoint: 127.0.0.1:61193 localEndPoint: 127.0.0.1:61192 after 7 ms
TpTrace Verbose: 0 : 6772, 5, 2024/03/06, 17:43:01.979, 482231922104, vstest.console.dll, TestRequestSender.StartTestRun: Sending test run with message: {"Version":7,"MessageType":"TestExecution.StartWithSources","Payload":{"AdapterSourceMap":{"_none_":["C:\\testing\\SetupTest\\SetupTest\\bin\\Debug\\net8.0\\fine-code-coverage\\build-output\\TestingPractice.dll"]},"RunSettings":"<RunSettings>\r\n  <RunConfiguration>\r\n    <ResultsDirectory>C:\\testing\\SetupTest\\SetupTest\\bin\\Debug\\net8.0\\fine-code-coverage\\coverage-tool-output</ResultsDirectory>\r\n    <TargetFrameworkVersion>.NETCoreApp,Version=v8.0</TargetFrameworkVersion>\r\n    <DesignMode>False</DesignMode>\r\n    <CollectSourceInformation>False</CollectSourceInformation>\r\n  </RunConfiguration>\r\n  <LoggerRunSettings>\r\n    <Loggers>\r\n      <Logger friendlyName=\"blame\" enabled=\"True\" />\r\n      <Logger friendlyName=\"Console\" uri=\"logger://microsoft/TestPlatform/ConsoleLogger/v1\" assemblyQualifiedName=\"Microsoft.VisualStudio.TestPlatform.CommandLine.Internal.ConsoleLogger, vstest.console, Version=15.0.0.0, Culture=neutral, PublicKeyToken=b03f5f7f11d50a3a\" codeBase=\"C:\\Program Files\\dotnet\\sdk\\8.0.200\\vstest.console.dll\" enabled=\"True\" />\r\n    </Loggers>\r\n  </LoggerRunSettings>\r\n  <DataCollectionRunSettings>\r\n    <DataCollectors>\r\n      <DataCollector friendlyName=\"blame\" enabled=\"True\">\r\n        <Configuration>\r\n          <ResultsDirectory>C:\\testing\\SetupTest\\SetupTest\\bin\\Debug\\net8.0\\fine-code-coverage\\coverage-tool-output</ResultsDirectory>\r\n        </Configuration>\r\n      </DataCollector>\r\n    </DataCollectors>\r\n  </DataCollectionRunSettings>\r\n</RunSettings>","TestExecutionContext":{"FrequencyOfRunStatsChangeEvent":10,"RunStatsChangeEventTimeout":"00:00:01.5000000","InIsolation":false,"KeepAlive":false,"AreTestCaseLevelEventsRequired":false,"IsDebug":false,"TestCaseFilter":null,"FilterOptions":null},"Package":null}}
TpTrace Verbose: 0 : 6772, 5, 2024/03/06, 17:43:01.979, 482231923894, vstest.console.dll, ParallelProxyExecutionManager.StartTestRunOnConcurrentManager: Execution started. Started clients: 1
TpTrace Verbose: 0 : 6772, 7, 2024/03/06, 17:43:02.085, 482232979757, vstest.console.dll, TcpClientExtensions.MessageLoopAsync: NotifyDataAvailable remoteEndPoint: 127.0.0.1:61193 localEndPoint: 127.0.0.1:61192
TpTrace Verbose: 0 : 6772, 7, 2024/03/06, 17:43:02.085, 482232981149, vstest.console.dll, TestRequestSender.OnExecutionMessageReceived: Received message: {"Version":7,"MessageType":"TestSession.Message","Payload":{"MessageLevel":0,"Message":"NUnit Adapter 4.5.0.0: Test execution started"}}
TpTrace Verbose: 0 : 6772, 7, 2024/03/06, 17:43:02.085, 482232982995, vstest.console.dll, TestRunRequest:SendTestRunMessage: Starting.
TpTrace Verbose: 0 : 6772, 7, 2024/03/06, 17:43:02.085, 482232983603, vstest.console.dll, MulticastDelegateUtilities.SafeInvoke: TestRun.LogMessages: Invoking callback 1/1 for Microsoft.VisualStudio.TestPlatform.CommandLine.TestRunResultAggregator., took 0 ms.
TpTrace Information: 0 : 6772, 7, 2024/03/06, 17:43:02.085, 482232983869, vstest.console.dll, TestRunRequest:SendTestRunMessage: Completed.
TpTrace Verbose: 0 : 6772, 7, 2024/03/06, 17:43:02.085, 482232984128, vstest.console.dll, MulticastDelegateUtilities.SafeInvoke: LengthPrefixCommunicationChannel: MessageReceived: Invoking callback 1/1 for Microsoft.VisualStudio.TestPlatform.CommunicationUtilities.TestRequestSender+<>c__DisplayClass34_0., took 0 ms.
TpTrace Verbose: 0 : 6772, 4, 2024/03/06, 17:43:02.085, 482232984162, vstest.console.dll, MulticastDelegateUtilities.SafeInvoke: InternalTestLoggerEvents.SendTestRunMessage: Invoking callback 1/1 for Microsoft.VisualStudio.TestPlatform.CommandLine.Internal.ConsoleLogger., took 0 ms.
TpTrace Verbose: 0 : 6772, 7, 2024/03/06, 17:43:02.085, 482232984911, vstest.console.dll, TcpClientExtensions.MessageLoopAsync: Polling on remoteEndPoint: 127.0.0.1:61193 localEndPoint: 127.0.0.1:61192 after 114 ms
TpTrace Verbose: 0 : 6772, 7, 2024/03/06, 17:43:02.102, 482233154003, vstest.console.dll, TcpClientExtensions.MessageLoopAsync: NotifyDataAvailable remoteEndPoint: 127.0.0.1:61193 localEndPoint: 127.0.0.1:61192
TpTrace Verbose: 0 : 6772, 7, 2024/03/06, 17:43:02.102, 482233156016, vstest.console.dll, TestRequestSender.OnExecutionMessageReceived: Received message: {"Version":7,"MessageType":"TestSession.Message","Payload":{"MessageLevel":0,"Message":"Running all tests in C:\\testing\\SetupTest\\SetupTest\\bin\\Debug\\net8.0\\fine-code-coverage\\build-output\\TestingPractice.dll"}}
TpTrace Verbose: 0 : 6772, 7, 2024/03/06, 17:43:02.103, 482233157365, vstest.console.dll, TestRunRequest:SendTestRunMessage: Starting.
TpTrace Verbose: 0 : 6772, 7, 2024/03/06, 17:43:02.103, 482233158063, vstest.console.dll, MulticastDelegateUtilities.SafeInvoke: TestRun.LogMessages: Invoking callback 1/1 for Microsoft.VisualStudio.TestPlatform.CommandLine.TestRunResultAggregator., took 0 ms.
TpTrace Information: 0 : 6772, 7, 2024/03/06, 17:43:02.103, 482233158346, vstest.console.dll, TestRunRequest:SendTestRunMessage: Completed.
TpTrace Verbose: 0 : 6772, 4, 2024/03/06, 17:43:02.103, 482233158492, vstest.console.dll, MulticastDelegateUtilities.SafeInvoke: InternalTestLoggerEvents.SendTestRunMessage: Invoking callback 1/1 for Microsoft.VisualStudio.TestPlatform.CommandLine.Internal.ConsoleLogger., took 0 ms.
TpTrace Verbose: 0 : 6772, 7, 2024/03/06, 17:43:02.103, 482233158638, vstest.console.dll, MulticastDelegateUtilities.SafeInvoke: LengthPrefixCommunicationChannel: MessageReceived: Invoking callback 1/1 for Microsoft.VisualStudio.TestPlatform.CommunicationUtilities.TestRequestSender+<>c__DisplayClass34_0., took 0 ms.
TpTrace Verbose: 0 : 6772, 7, 2024/03/06, 17:43:02.103, 482233159906, vstest.console.dll, TcpClientExtensions.MessageLoopAsync: Polling on remoteEndPoint: 127.0.0.1:61193 localEndPoint: 127.0.0.1:61192 after 17 ms
TpTrace Verbose: 0 : 6772, 7, 2024/03/06, 17:43:02.172, 482233849477, vstest.console.dll, TcpClientExtensions.MessageLoopAsync: NotifyDataAvailable remoteEndPoint: 127.0.0.1:61193 localEndPoint: 127.0.0.1:61192
TpTrace Verbose: 0 : 6772, 7, 2024/03/06, 17:43:02.172, 482233850692, vstest.console.dll, TestRequestSender.OnExecutionMessageReceived: Received message: {"Version":7,"MessageType":"TestSession.Message","Payload":{"MessageLevel":0,"Message":"   NUnit3TestExecutor discovered 2 of 2 NUnit test cases using Current Discovery mode, Non-Explicit run"}}
TpTrace Verbose: 0 : 6772, 7, 2024/03/06, 17:43:02.172, 482233851809, vstest.console.dll, TestRunRequest:SendTestRunMessage: Starting.
TpTrace Verbose: 0 : 6772, 7, 2024/03/06, 17:43:02.172, 482233852335, vstest.console.dll, MulticastDelegateUtilities.SafeInvoke: TestRun.LogMessages: Invoking callback 1/1 for Microsoft.VisualStudio.TestPlatform.CommandLine.TestRunResultAggregator., took 0 ms.
TpTrace Information: 0 : 6772, 7, 2024/03/06, 17:43:02.172, 482233852591, vstest.console.dll, TestRunRequest:SendTestRunMessage: Completed.
TpTrace Verbose: 0 : 6772, 7, 2024/03/06, 17:43:02.172, 482233852816, vstest.console.dll, MulticastDelegateUtilities.SafeInvoke: LengthPrefixCommunicationChannel: MessageReceived: Invoking callback 1/1 for Microsoft.VisualStudio.TestPlatform.CommunicationUtilities.TestRequestSender+<>c__DisplayClass34_0., took 0 ms.
TpTrace Verbose: 0 : 6772, 4, 2024/03/06, 17:43:02.172, 482233852927, vstest.console.dll, MulticastDelegateUtilities.SafeInvoke: InternalTestLoggerEvents.SendTestRunMessage: Invoking callback 1/1 for Microsoft.VisualStudio.TestPlatform.CommandLine.Internal.ConsoleLogger., took 0 ms.
TpTrace Verbose: 0 : 6772, 7, 2024/03/06, 17:43:02.172, 482233853068, vstest.console.dll, TcpClientExtensions.MessageLoopAsync: Polling on remoteEndPoint: 127.0.0.1:61193 localEndPoint: 127.0.0.1:61192 after 69 ms
TpTrace Verbose: 0 : 6772, 7, 2024/03/06, 17:43:03.173, 482243860932, vstest.console.dll, TcpClientExtensions.MessageLoopAsync: Polling on remoteEndPoint: 127.0.0.1:61193 localEndPoint: 127.0.0.1:61192 after 1000 ms
TpTrace Verbose: 0 : 6772, 7, 2024/03/06, 17:43:03.552, 482247654175, vstest.console.dll, TcpClientExtensions.MessageLoopAsync: NotifyDataAvailable remoteEndPoint: 127.0.0.1:61193 localEndPoint: 127.0.0.1:61192
TpTrace Verbose: 0 : 6772, 7, 2024/03/06, 17:43:03.552, 482247656045, vstest.console.dll, TestRequestSender.OnExecutionMessageReceived: Received message: {"Version":7,"MessageType":"TestExecution.StatsChange","Payload":{"NewTestResults":[],"TestRunStatistics":{"ExecutedTests":0,"Stats":{}},"ActiveTests":[{"Id":"ce346ff3-b5f5-7bb6-644f-7faea4ca6598","FullyQualifiedName":"SetupTest.Task3.FirstTest","DisplayName":"FirstTest","ExecutorUri":"executor://NUnit3TestExecutor","Source":"C:\\testing\\SetupTest\\SetupTest\\bin\\Debug\\net8.0\\fine-code-coverage\\build-output\\TestingPractice.dll","CodeFilePath":null,"LineNumber":0,"Properties":[{"Key":{"Id":"NUnit.Seed","Label":"Seed","Category":"","Description":"","Attributes":0,"ValueType":"System.String"},"Value":"1068962839"}]}]}}
TpTrace Verbose: 0 : 6772, 7, 2024/03/06, 17:43:03.572, 482247854347, vstest.console.dll, TestRunRequest:SendTestRunStatsChange: Starting.
TpTrace Verbose: 0 : 6772, 7, 2024/03/06, 17:43:03.572, 482247855652, vstest.console.dll, InProgress is FirstTest
TpTrace Verbose: 0 : 6772, 7, 2024/03/06, 17:43:03.573, 482247856376, vstest.console.dll, MulticastDelegateUtilities.SafeInvoke: TestRun.RunStatsChanged: Invoking callbacks was skipped because there are no subscribers.
TpTrace Information: 0 : 6772, 7, 2024/03/06, 17:43:03.573, 482247856642, vstest.console.dll, TestRunRequest:SendTestRunStatsChange: Completed.
TpTrace Verbose: 0 : 6772, 7, 2024/03/06, 17:43:03.573, 482247856909, vstest.console.dll, MulticastDelegateUtilities.SafeInvoke: LengthPrefixCommunicationChannel: MessageReceived: Invoking callback 1/1 for Microsoft.VisualStudio.TestPlatform.CommunicationUtilities.TestRequestSender+<>c__DisplayClass34_0., took 20 ms.
TpTrace Verbose: 0 : 6772, 7, 2024/03/06, 17:43:03.573, 482247857181, vstest.console.dll, TcpClientExtensions.MessageLoopAsync: Polling on remoteEndPoint: 127.0.0.1:61193 localEndPoint: 127.0.0.1:61192 after 399 ms
TpTrace Verbose: 0 : 6772, 7, 2024/03/06, 17:43:04.585, 482257982094, vstest.console.dll, TcpClientExtensions.MessageLoopAsync: Polling on remoteEndPoint: 127.0.0.1:61193 localEndPoint: 127.0.0.1:61192 after 1012 ms
TpTrace Verbose: 0 : 6772, 11, 2024/03/06, 17:43:04.620, 482258329096, vstest.console.dll, TestHostManagerCallbacks.ctor: Experimental forwarding output is disabled.
TpTrace Warning: 0 : 6772, 11, 2024/03/06, 17:43:04.620, 482258330937, vstest.console.dll, TestHostManagerCallbacks.ErrorReceivedCallback Test host standard error line: [1709739784.619][WARNING]: This version of ChromeDriver has not been tested with Chrome version 122.
TpTrace Verbose: 0 : 6772, 7, 2024/03/06, 17:43:05.594, 482268067211, vstest.console.dll, TcpClientExtensions.MessageLoopAsync: Polling on remoteEndPoint: 127.0.0.1:61193 localEndPoint: 127.0.0.1:61192 after 1008 ms
TpTrace Verbose: 0 : 6772, 7, 2024/03/06, 17:43:06.604, 482278174198, vstest.console.dll, TcpClientExtensions.MessageLoopAsync: Polling on remoteEndPoint: 127.0.0.1:61193 localEndPoint: 127.0.0.1:61192 after 1010 ms
TpTrace Verbose: 0 : 6772, 7, 2024/03/06, 17:43:07.597, 482288105343, vstest.console.dll, TcpClientExtensions.MessageLoopAsync: NotifyDataAvailable remoteEndPoint: 127.0.0.1:61193 localEndPoint: 127.0.0.1:61192
TpTrace Verbose: 0 : 6772, 7, 2024/03/06, 17:43:07.598, 482288109355, vstest.console.dll, TestRequestSender.OnExecutionMessageReceived: Received message: {"Version":7,"MessageType":"TestExecution.StatsChange","Payload":{"NewTestResults":[{"TestCase":{"Id":"ce346ff3-b5f5-7bb6-644f-7faea4ca6598","FullyQualifiedName":"SetupTest.Task3.FirstTest","DisplayName":"FirstTest","ExecutorUri":"executor://NUnit3TestExecutor","Source":"C:\\testing\\SetupTest\\SetupTest\\bin\\Debug\\net8.0\\fine-code-coverage\\build-output\\TestingPractice.dll","CodeFilePath":null,"LineNumber":0,"Properties":[{"Key":{"Id":"NUnit.Seed","Label":"Seed","Category":"","Description":"","Attributes":0,"ValueType":"System.String"},"Value":"1068962839"}]},"Attachments":[],"Outcome":2,"ErrorMessage":"System.InvalidCastException : Null object cannot be converted to a value type.","ErrorStackTrace":"   at System.Convert.ChangeType(Object value, Type conversionType, IFormatProvider provider)\r\n   at OpenQA.Selenium.WebElement.get_Displayed()\r\n   at SeleniumExtras.WaitHelpers.ExpectedConditions.ElementIfVisible(IWebElement element)\r\n   at SeleniumExtras.WaitHelpers.ExpectedConditions.<>c__DisplayClass7_0.<ElementIsVisible>b__0(IWebDriver driver)\r\n   at OpenQA.Selenium.Support.UI.DefaultWait`1.Until[TResult](Func`2 condition, CancellationToken token)\r\n   at OpenQA.Selenium.Support.UI.DefaultWait`1.Until[TResult](Func`2 condition)\r\n   at SetupTest.Task3.FindElement(By locator) in C:\\testing\\SetupTest\\SetupTest\\Task3.cs:line 33\r\n   at SetupTest.Task3.FirstTest() in C:\\testing\\SetupTest\\SetupTest\\Task3.cs:line 57\r\n   at System.RuntimeMethodHandle.InvokeMethod(Object target, Void** arguments, Signature sig, Boolean isConstructor)\r\n   at System.Reflection.MethodBaseInvoker.InvokeWithNoArgs(Object obj, BindingFlags invokeAttr)\n","DisplayName":"FirstTest","Messages":[],"ComputerName":"LAPTOP-O4MC1I17","Duration":"00:00:05.3591200","StartTime":"2024-03-06T15:43:02.1895939+00:00","EndTime":"2024-03-06T15:43:07.5486488+00:00","Properties":[{"Key":{"Id":"NUnit.Seed","Label":"Seed","Category":"","Description":"","Attributes":0,"ValueType":"System.String"},"Value":"1068962839"}]}],"TestRunStatistics":{"ExecutedTests":1,"Stats":{"Failed":1}},"ActiveTests":[{"Id":"95a6e513-3aad-5eee-c2cf-1a09e5fb61e4","FullyQualifiedName":"SetupTest.Task3.SecondTest","DisplayName":"SecondTest","ExecutorUri":"executor://NUnit3TestExecutor","Source":"C:\\testing\\SetupTest\\SetupTest\\bin\\Debug\\net8.0\\fine-code-coverage\\build-output\\TestingPractice.dll","CodeFilePath":null,"LineNumber":0,"Properties":[{"Key":{"Id":"NUnit.Seed","Label":"Seed","Category":"","Description":"","Attributes":0,"ValueType":"System.String"},"Value":"975779050"}]}]}}
TpTrace Verbose: 0 : 6772, 7, 2024/03/06, 17:43:07.607, 482288199640, vstest.console.dll, TestRunRequest:SendTestRunStatsChange: Starting.
TpTrace Verbose: 0 : 6772, 7, 2024/03/06, 17:43:07.607, 482288201044, vstest.console.dll, InProgress is SecondTest
TpTrace Verbose: 0 : 6772, 7, 2024/03/06, 17:43:07.607, 482288202890, vstest.console.dll, MulticastDelegateUtilities.SafeInvoke: TestRun.RunStatsChanged: Invoking callbacks was skipped because there are no subscribers.
TpTrace Information: 0 : 6772, 7, 2024/03/06, 17:43:07.607, 482288203312, vstest.console.dll, TestRunRequest:SendTestRunStatsChange: Completed.
TpTrace Verbose: 0 : 6772, 7, 2024/03/06, 17:43:07.607, 482288204040, vstest.console.dll, MulticastDelegateUtilities.SafeInvoke: LengthPrefixCommunicationChannel: MessageReceived: Invoking callback 1/1 for Microsoft.VisualStudio.TestPlatform.CommunicationUtilities.TestRequestSender+<>c__DisplayClass34_0., took 9 ms.
TpTrace Verbose: 0 : 6772, 7, 2024/03/06, 17:43:07.607, 482288204560, vstest.console.dll, TcpClientExtensions.MessageLoopAsync: Polling on remoteEndPoint: 127.0.0.1:61193 localEndPoint: 127.0.0.1:61192 after 1002 ms
TpTrace Verbose: 0 : 6772, 4, 2024/03/06, 17:43:07.610, 482288231198, vstest.console.dll, MulticastDelegateUtilities.SafeInvoke: InternalTestLoggerEvents.SendTestResult: Invoking callback 1/1 for Microsoft.VisualStudio.TestPlatform.CommandLine.Internal.ConsoleLogger., took 2 ms.
TpTrace Verbose: 0 : 6772, 7, 2024/03/06, 17:43:08.612, 482298253727, vstest.console.dll, TcpClientExtensions.MessageLoopAsync: Polling on remoteEndPoint: 127.0.0.1:61193 localEndPoint: 127.0.0.1:61192 after 1004 ms
TpTrace Verbose: 0 : 6772, 5, 2024/03/06, 17:43:09.295, 482305076480, vstest.console.dll, TestHostManagerCallbacks.ctor: Experimental forwarding output is disabled.
TpTrace Warning: 0 : 6772, 5, 2024/03/06, 17:43:09.295, 482305078619, vstest.console.dll, TestHostManagerCallbacks.ErrorReceivedCallback Test host standard error line: [1709739789.294][WARNING]: This version of ChromeDriver has not been tested with Chrome version 122.
TpTrace Verbose: 0 : 6772, 7, 2024/03/06, 17:43:09.620, 482308335466, vstest.console.dll, TcpClientExtensions.MessageLoopAsync: Polling on remoteEndPoint: 127.0.0.1:61193 localEndPoint: 127.0.0.1:61192 after 1008 ms
TpTrace Verbose: 0 : 6772, 7, 2024/03/06, 17:43:10.462, 482316749819, vstest.console.dll, TcpClientExtensions.MessageLoopAsync: NotifyDataAvailable remoteEndPoint: 127.0.0.1:61193 localEndPoint: 127.0.0.1:61192
TpTrace Verbose: 0 : 6772, 7, 2024/03/06, 17:43:10.462, 482316754743, vstest.console.dll, TestRequestSender.OnExecutionMessageReceived: Received message: {"Version":7,"MessageType":"TestSession.Message","Payload":{"MessageLevel":0,"Message":"NUnit Adapter 4.5.0.0: Test execution complete"}}
TpTrace Verbose: 0 : 6772, 7, 2024/03/06, 17:43:10.463, 482316757027, vstest.console.dll, TestRunRequest:SendTestRunMessage: Starting.
TpTrace Verbose: 0 : 6772, 7, 2024/03/06, 17:43:10.463, 482316758443, vstest.console.dll, MulticastDelegateUtilities.SafeInvoke: TestRun.LogMessages: Invoking callback 1/1 for Microsoft.VisualStudio.TestPlatform.CommandLine.TestRunResultAggregator., took 0 ms.
TpTrace Information: 0 : 6772, 7, 2024/03/06, 17:43:10.463, 482316758918, vstest.console.dll, TestRunRequest:SendTestRunMessage: Completed.
TpTrace Verbose: 0 : 6772, 7, 2024/03/06, 17:43:10.463, 482316759298, vstest.console.dll, MulticastDelegateUtilities.SafeInvoke: LengthPrefixCommunicationChannel: MessageReceived: Invoking callback 1/1 for Microsoft.VisualStudio.TestPlatform.CommunicationUtilities.TestRequestSender+<>c__DisplayClass34_0., took 0 ms.
TpTrace Verbose: 0 : 6772, 7, 2024/03/06, 17:43:10.463, 482316759666, vstest.console.dll, TcpClientExtensions.MessageLoopAsync: Polling on remoteEndPoint: 127.0.0.1:61193 localEndPoint: 127.0.0.1:61192 after 842 ms
TpTrace Verbose: 0 : 6772, 4, 2024/03/06, 17:43:10.463, 482316760135, vstest.console.dll, MulticastDelegateUtilities.SafeInvoke: InternalTestLoggerEvents.SendTestRunMessage: Invoking callback 1/1 for Microsoft.VisualStudio.TestPlatform.CommandLine.Internal.ConsoleLogger., took 0 ms.
TpTrace Verbose: 0 : 6772, 7, 2024/03/06, 17:43:10.480, 482316936069, vstest.console.dll, TcpClientExtensions.MessageLoopAsync: NotifyDataAvailable remoteEndPoint: 127.0.0.1:61193 localEndPoint: 127.0.0.1:61192
TpTrace Verbose: 0 : 6772, 7, 2024/03/06, 17:43:10.481, 482316937869, vstest.console.dll, TestRequestSender.OnExecutionMessageReceived: Received message: {"Version":7,"MessageType":"TestExecution.Completed","Payload":{"TestRunCompleteArgs":{"TestRunStatistics":{"ExecutedTests":2,"Stats":{"Failed":2}},"IsCanceled":false,"IsAborted":false,"Error":null,"AttachmentSets":[],"InvokedDataCollectors":[],"ElapsedTimeInRunningTests":"00:00:08.4001385","Metrics":{},"DiscoveredExtensions":{"TestDiscoverers":["NUnit.VisualStudio.TestAdapter.NUnit3TestDiscoverer, NUnit3.TestAdapter, Version=4.5.0.0, Culture=neutral, PublicKeyToken=4cb40d35494691ac"],"TestExecutors":["executor://NUnit3TestExecutor"],"TestExecutors2":[],"TestSettingsProviders":[]}},"LastRunTests":{"NewTestResults":[{"TestCase":{"Id":"95a6e513-3aad-5eee-c2cf-1a09e5fb61e4","FullyQualifiedName":"SetupTest.Task3.SecondTest","DisplayName":"SecondTest","ExecutorUri":"executor://NUnit3TestExecutor","Source":"C:\\testing\\SetupTest\\SetupTest\\bin\\Debug\\net8.0\\fine-code-coverage\\build-output\\TestingPractice.dll","CodeFilePath":null,"LineNumber":0,"Properties":[{"Key":{"Id":"NUnit.Seed","Label":"Seed","Category":"","Description":"","Attributes":0,"ValueType":"System.String"},"Value":"975779050"}]},"Attachments":[],"Outcome":2,"ErrorMessage":"System.NullReferenceException : Object reference not set to an instance of an object.","ErrorStackTrace":"   at OpenQA.Selenium.WebDriver.get_Url()\r\n   at SetupTest.Task3.SecondTest() in C:\\testing\\SetupTest\\SetupTest\\Task3.cs:line 85\r\n   at System.RuntimeMethodHandle.InvokeMethod(Object target, Void** arguments, Signature sig, Boolean isConstructor)\r\n   at System.Reflection.MethodBaseInvoker.InvokeWithNoArgs(Object obj, BindingFlags invokeAttr)\n","DisplayName":"SecondTest","Messages":[],"ComputerName":"LAPTOP-O4MC1I17","Duration":"00:00:02.8959270","StartTime":"2024-03-06T15:43:07.5505372+00:00","EndTime":"2024-03-06T15:43:10.4464633+00:00","Properties":[{"Key":{"Id":"NUnit.Seed","Label":"Seed","Category":"","Description":"","Attributes":0,"ValueType":"System.String"},"Value":"975779050"}]}],"TestRunStatistics":{"ExecutedTests":2,"Stats":{"Failed":2}},"ActiveTests":[]},"RunAttachments":[],"ExecutorUris":["executor://nunit3testexecutor/"]}}
TpTrace Verbose: 0 : 6772, 7, 2024/03/06, 17:43:10.481, 482316938817, vstest.console.dll, TestRequestSender.EndSession: Sending end session.
TpTrace Verbose: 0 : 6772, 7, 2024/03/06, 17:43:10.481, 482316941309, vstest.console.dll, ProxyOperationManager.Close: waiting for test host to exit for 100 ms
TpTrace Verbose: 0 : 6772, 5, 2024/03/06, 17:43:10.531, 482317443883, vstest.console.dll, TestHostManagerCallbacks.ctor: Experimental forwarding output is disabled.
TpTrace Warning: 0 : 6772, 5, 2024/03/06, 17:43:10.531, 482317444883, vstest.console.dll, TestHostManagerCallbacks.ErrorReceivedCallback Test host standard error line: 
TpTrace Verbose: 0 : 6772, 5, 2024/03/06, 17:43:10.543, 482317559127, vstest.console.dll, TestHostProvider.ExitCallBack: Host exited starting callback.
TpTrace Information: 0 : 6772, 5, 2024/03/06, 17:43:10.543, 482317562694, vstest.console.dll, TestHostManagerCallbacks.ExitCallBack: Testhost processId: 19484 exited with exitcode: 0 error: '[1709739784.619][WARNING]: This version of ChromeDriver has not been tested with Chrome version 122.
[1709739789.294][WARNING]: This version of ChromeDriver has not been tested with Chrome version 122.
'
TpTrace Verbose: 0 : 6772, 5, 2024/03/06, 17:43:10.543, 482317563527, vstest.console.dll, DotnetTestHostManager.OnHostExited: invoking OnHostExited callback
TpTrace Verbose: 0 : 6772, 5, 2024/03/06, 17:43:10.543, 482317564407, vstest.console.dll, CrossPlatEngine.TestHostManagerHostExited: calling on client process exit callback.
TpTrace Information: 0 : 6772, 5, 2024/03/06, 17:43:10.543, 482317565091, vstest.console.dll, TestRequestSender.OnClientProcessExit: Test host process exited. Standard error: [1709739784.619][WARNING]: This version of ChromeDriver has not been tested with Chrome version 122.
[1709739789.294][WARNING]: This version of ChromeDriver has not been tested with Chrome version 122.

TpTrace Information: 0 : 6772, 7, 2024/03/06, 17:43:10.543, 482317565483, vstest.console.dll, SocketServer.Stop: Stop server endPoint: 127.0.0.1:61192
TpTrace Information: 0 : 6772, 7, 2024/03/06, 17:43:10.543, 482317566003, vstest.console.dll, SocketServer.Stop: Cancellation requested. Stopping message loop.
TpTrace Information: 0 : 6772, 5, 2024/03/06, 17:43:10.544, 482317566286, vstest.console.dll, SocketServer.Stop: Stop server endPoint: 127.0.0.1:61192
TpTrace Information: 0 : 6772, 5, 2024/03/06, 17:43:10.544, 482317566691, vstest.console.dll, SocketServer.Stop: Cancellation requested. Stopping message loop.
TpTrace Verbose: 0 : 6772, 5, 2024/03/06, 17:43:10.544, 482317569506, vstest.console.dll, MulticastDelegateUtilities.SafeInvoke: HostProviderEvents.OnHostExited: Invoking callback 1/1 for Microsoft.VisualStudio.TestPlatform.CrossPlatEngine.Client.ProxyOperationManager., took 0 ms.
TpTrace Information: 0 : 6772, 7, 2024/03/06, 17:43:10.544, 482317569633, vstest.console.dll, Closing the connection
TpTrace Verbose: 0 : 6772, 7, 2024/03/06, 17:43:10.544, 482317571938, vstest.console.dll, ProxyDataCollectionManager.InvokeDataCollectionServiceAction: Starting.
TpTrace Information: 0 : 6772, 7, 2024/03/06, 17:43:10.544, 482317572312, vstest.console.dll, ProxyDataCollectionManager.AfterTestRunEnd: Get attachment set and invoked data collectors processId: 16940 port: 61189
TpTrace Verbose: 0 : 6772, 7, 2024/03/06, 17:43:10.544, 482317572739, vstest.console.dll, DataCollectionRequestSender.SendAfterTestRunStartAndGetResult: Send AfterTestRunEnd message with isCancelled: False
TpTrace Verbose: 0 : 6772, 7, 2024/03/06, 17:43:10.549, 482317624385, vstest.console.dll, DataCollectionRequestSender.SendAfterTestRunStartAndGetResult: Received message: (DataCollection.AfterTestRunEndResult) -> {"MessageType":"DataCollection.AfterTestRunEndResult","Payload":{"AttachmentSets":[],"InvokedDataCollectors":[{"Uri":"datacollector://Microsoft/TestPlatform/Extensions/Blame/v1","FriendlyName":"Blame","AssemblyQualifiedName":"Microsoft.TestPlatform.Extensions.BlameDataCollector.BlameCollector, Microsoft.TestPlatform.Extensions.BlameDataCollector, Version=15.0.0.0, Culture=neutral, PublicKeyToken=b03f5f7f11d50a3a","FilePath":"C:\\Program Files\\dotnet\\sdk\\8.0.200\\Extensions\\Microsoft.TestPlatform.Extensions.BlameDataCollector.dll","HasAttachmentProcessor":false}],"Metrics":{}}}
TpTrace Information: 0 : 6772, 7, 2024/03/06, 17:43:10.554, 482317671852, vstest.console.dll, ProxyDataCollectionManager.InvokeDataCollectionServiceAction: Completed.
TpTrace Warning: 0 : 6772, 10, 2024/03/06, 17:43:10.570, 482317836127, vstest.console.dll, DataCollectionLauncher.ErrorReceivedCallback datacollector standard error line: 
TpTrace Information: 0 : 6772, 10, 2024/03/06, 17:43:10.579, 482317924782, vstest.console.dll, DataCollectionLauncher.ExitCallBack: Data collector exited with exitcode: 0 error: ''
TpTrace Verbose: 0 : 6772, 7, 2024/03/06, 17:43:10.595, 482318084603, vstest.console.dll, TestRunRequest:SendTestRunStatsChange: Starting.
TpTrace Verbose: 0 : 6772, 7, 2024/03/06, 17:43:10.595, 482318085846, vstest.console.dll, MulticastDelegateUtilities.SafeInvoke: TestRun.RunStatsChanged: Invoking callbacks was skipped because there are no subscribers.
TpTrace Information: 0 : 6772, 7, 2024/03/06, 17:43:10.596, 482318086180, vstest.console.dll, TestRunRequest:SendTestRunStatsChange: Completed.
TpTrace Verbose: 0 : 6772, 7, 2024/03/06, 17:43:10.596, 482318089862, vstest.console.dll, ParallelProxyExecutionManager: HandlePartialRunComplete: Total workloads = 1, Total started clients = 1 Total completed clients = 1, Run complete = True, Run canceled: False.
TpTrace Verbose: 0 : 6772, 4, 2024/03/06, 17:43:10.596, 482318090167, vstest.console.dll, MulticastDelegateUtilities.SafeInvoke: InternalTestLoggerEvents.SendTestResult: Invoking callback 1/1 for Microsoft.VisualStudio.TestPlatform.CommandLine.Internal.ConsoleLogger., took 0 ms.
TpTrace Verbose: 0 : 6772, 7, 2024/03/06, 17:43:10.596, 482318090402, vstest.console.dll, ParallelProxyExecutionManager: HandlePartialRunComplete: All runs completed stopping all managers.
TpTrace Verbose: 0 : 6772, 7, 2024/03/06, 17:43:10.596, 482318091507, vstest.console.dll, ParallelOperationManager.StopAllManagers: Stopping all managers.
TpTrace Verbose: 0 : 6772, 7, 2024/03/06, 17:43:10.596, 482318091825, vstest.console.dll, ParallelOperationManager.ClearSlots: Clearing all slots. Slots should accept more work: False
TpTrace Verbose: 0 : 6772, 7, 2024/03/06, 17:43:10.596, 482318092459, vstest.console.dll, ParallelOperationManager.SetOccupiedSlotCount: Setting slot counts AvailableSlotCount = 3, OccupiedSlotCount = 0.
TpTrace Verbose: 0 : 6772, 7, 2024/03/06, 17:43:10.596, 482318093240, vstest.console.dll, Occupied slots:

TpTrace Verbose: 0 : 6772, 4, 2024/03/06, 17:43:10.605, 482318182953, vstest.console.dll, MulticastDelegateUtilities.SafeInvoke: InternalTestLoggerEvents.SendTestRunComplete: Invoking callback 1/2 for Microsoft.TestPlatform.Extensions.BlameDataCollector.BlameLogger., took 0 ms.
TpTrace Verbose: 0 : 6772, 4, 2024/03/06, 17:43:10.612, 482318248739, vstest.console.dll, MulticastDelegateUtilities.SafeInvoke: InternalTestLoggerEvents.SendTestRunComplete: Invoking callback 2/2 for Microsoft.VisualStudio.TestPlatform.CommandLine.Internal.ConsoleLogger., took 6 ms.
TpTrace Verbose: 0 : 6772, 7, 2024/03/06, 17:43:10.612, 482318253264, vstest.console.dll, TestRunRequest:TestRunComplete: Starting. IsAborted:False IsCanceled:False.
TpTrace Verbose: 0 : 6772, 7, 2024/03/06, 17:43:10.612, 482318255058, vstest.console.dll, ParallelOperationManager.DoActionOnAllManagers: Calling an action on all managers.
TpTrace Verbose: 0 : 6772, 7, 2024/03/06, 17:43:10.614, 482318267498, vstest.console.dll, TestLoggerManager.HandleTestRunComplete: Ignoring as the object is disposed.
TpTrace Verbose: 0 : 6772, 7, 2024/03/06, 17:43:10.614, 482318270030, vstest.console.dll, MulticastDelegateUtilities.SafeInvoke: TestRun.TestRunComplete: Invoking callback 1/2 for Microsoft.VisualStudio.TestPlatform.CommandLine.TestRunResultAggregator., took 0 ms.
TpTrace Verbose: 0 : 6772, 7, 2024/03/06, 17:43:10.614, 482318271098, vstest.console.dll, MulticastDelegateUtilities.SafeInvoke: TestRun.TestRunComplete: Invoking callback 2/2 for Microsoft.VisualStudio.TestPlatform.CommandLine.Processors.RunTestsArgumentExecutor+TestRunRequestEventsRegistrar., took 0 ms.
TpTrace Information: 0 : 6772, 7, 2024/03/06, 17:43:10.614, 482318272115, vstest.console.dll, TestRunRequest:TestRunComplete: Completed.
TpTrace Verbose: 0 : 6772, 1, 2024/03/06, 17:43:10.614, 482318272346, vstest.console.dll, TestRunRequest.Dispose: Starting.
TpTrace Verbose: 0 : 6772, 7, 2024/03/06, 17:43:10.614, 482318272447, vstest.console.dll, TestRequestSender.SetOperationComplete: Setting operation complete.
TpTrace Information: 0 : 6772, 1, 2024/03/06, 17:43:10.614, 482318272904, vstest.console.dll, TestRunRequest.Dispose: Completed.
TpTrace Information: 0 : 6772, 7, 2024/03/06, 17:43:10.614, 482318273033, vstest.console.dll, SocketServer.Stop: Stop server endPoint: 127.0.0.1:61192
TpTrace Information: 0 : 6772, 7, 2024/03/06, 17:43:10.614, 482318273416, vstest.console.dll, SocketServer.Stop: Cancellation requested. Stopping message loop.
TpTrace Information: 0 : 6772, 1, 2024/03/06, 17:43:10.614, 482318273568, vstest.console.dll, TestRequestManager.RunTests: run tests completed.
TpTrace Verbose: 0 : 6772, 7, 2024/03/06, 17:43:10.614, 482318273658, vstest.console.dll, MulticastDelegateUtilities.SafeInvoke: LengthPrefixCommunicationChannel: MessageReceived: Invoking callback 1/1 for Microsoft.VisualStudio.TestPlatform.CommunicationUtilities.TestRequestSender+<>c__DisplayClass34_0., took 133 ms.
TpTrace Information: 0 : 6772, 7, 2024/03/06, 17:43:10.614, 482318274322, vstest.console.dll, SocketServer.PrivateStop: Stopping server endPoint: 127.0.0.1:61192 error: 
TpTrace Information: 0 : 6772, 1, 2024/03/06, 17:43:10.614, 482318274356, vstest.console.dll, RunTestsArgumentProcessor:Execute: Test run is completed.
TpTrace Verbose: 0 : 6772, 1, 2024/03/06, 17:43:10.615, 482318277489, vstest.console.dll, Executor.Execute: Exiting with exit code of 1
TpTrace Verbose: 0 : 6772, 7, 2024/03/06, 17:43:10.615, 482318280258, vstest.console.dll, LengthPrefixCommunicationChannel.Dispose: Dispose reader and writer.
TpTrace Information: 0 : 6772, 7, 2024/03/06, 17:43:10.615, 482318280838, vstest.console.dll, SocketServer.Stop: Raise disconnected event endPoint: 127.0.0.1:61192 error: 
TpTrace Verbose: 0 : 6772, 7, 2024/03/06, 17:43:10.615, 482318281608, vstest.console.dll, TestRequestSender: OnTestRunAbort: Operation is already complete. Skip error message.
TpTrace Verbose: 0 : 6772, 7, 2024/03/06, 17:43:10.615, 482318282102, vstest.console.dll, MulticastDelegateUtilities.SafeInvoke: SocketServer: ClientDisconnected: Invoking callback 1/1 for Microsoft.VisualStudio.TestPlatform.CommunicationUtilities.TestRequestSender., took 0 ms.
TpTrace Verbose: 0 : 6772, 7, 2024/03/06, 17:43:10.615, 482318282458, vstest.console.dll, TcpClientExtensions.MessageLoopAsync: exiting MessageLoopAsync remoteEndPoint: 127.0.0.1:61193 localEndPoint: 127.0.0.1:61192
